#
# There is insufficient memory for the Java Runtime Environment to continue.
# Native memory allocation (malloc) failed to allocate 55632 bytes for Chunk::new
# Possible reasons:
#   The system is out of physical RAM or swap space
#   The process is running with CompressedOops enabled, and the Java Heap may be blocking the growth of the native heap
# Possible solutions:
#   Reduce memory load on the system
#   Increase physical memory or swap space
#   Check if swap backing store is full
#   Decrease Java heap size (-Xmx/-Xms)
#   Decrease number of Java threads
#   Decrease Java thread stack sizes (-Xss)
#   Set larger code cache with -XX:ReservedCodeCacheSize=
#   JVM is running with Unscaled Compressed Oops mode in which the Java heap is
#     placed in the first 4GB address space. The Java Heap base address is the
#     maximum limit for the native heap growth. Please use -XX:HeapBaseMinAddress
#     to set the Java Heap base and to place the Java Heap above 4GB virtual address.
# This output file may be truncated or incomplete.
#
#  Out of Memory Error (arena.cpp:184), pid=4748, tid=3748
#
# JRE version: Java(TM) SE Runtime Environment (19.0.1+10) (build 19.0.1+10-21)
# Java VM: Java HotSpot(TM) 64-Bit Server VM (19.0.1+10-21, mixed mode, sharing, tiered, compressed oops, compressed class ptrs, g1 gc, windows-amd64)
# No core dump will be written. Minidumps are not enabled by default on client versions of Windows
#

---------------  S U M M A R Y ------------

Command Line: FenetreJeu

Host: Intel(R) Celeron(R) N4100 CPU @ 1.10GHz, 4 cores, 3G,  Windows 10 , 64 bit Build 19041 (10.0.19041.2251)
Time: Thu Dec  1 13:59:32 2022 Romance Standard Time elapsed time: 0.115793 seconds (0d 0h 0m 0s)

---------------  T H R E A D  ---------------

Current thread (0x00000269c2a17e10):  JavaThread "main" [_thread_in_vm, id=3748, stack(0x000000eb5f400000,0x000000eb5f500000)]

Stack: [0x000000eb5f400000,0x000000eb5f500000]
Native frames: (J=compiled Java code, j=interpreted, Vv=VM code, C=native code)
V  [jvm.dll+0x6ee8fa]
V  [jvm.dll+0x857a1e]
V  [jvm.dll+0x85940e]
V  [jvm.dll+0x859ac3]
V  [jvm.dll+0x28291f]
V  [jvm.dll+0xc9b5f]
V  [jvm.dll+0xc9ee5]
V  [jvm.dll+0x226718]
V  [jvm.dll+0x225556]
V  [jvm.dll+0x7ccb72]
V  [jvm.dll+0x7cdfba]
V  [jvm.dll+0x7ce73d]
V  [jvm.dll+0x21f1e5]
V  [jvm.dll+0x21458a]
V  [jvm.dll+0x5aa2d6]
V  [jvm.dll+0x22567a]
V  [jvm.dll+0x7ccb72]
V  [jvm.dll+0x7cdfba]
V  [jvm.dll+0x7ce73d]
V  [jvm.dll+0x21f1e5]
V  [jvm.dll+0x21458a]
V  [jvm.dll+0x5aa2d6]
V  [jvm.dll+0x22567a]
V  [jvm.dll+0x7ccb72]
V  [jvm.dll+0x7cdfba]
V  [jvm.dll+0x471656]
C  [java.dll+0x1a55]

Java frames: (J=compiled Java code, j=interpreted, Vv=VM code)
j  java.lang.ClassLoader.findBootstrapClass(Ljava/lang/String;)Ljava/lang/Class;+0 java.base@19.0.1
j  java.lang.ClassLoader.findBootstrapClassOrNull(Ljava/lang/String;)Ljava/lang/Class;+10 java.base@19.0.1
j  java.lang.System$2.findBootstrapClassOrNull(Ljava/lang/String;)Ljava/lang/Class;+1 java.base@19.0.1
j  jdk.internal.loader.ClassLoaders$BootClassLoader.loadClassOrNull(Ljava/lang/String;Z)Ljava/lang/Class;+4 java.base@19.0.1
j  jdk.internal.loader.BuiltinClassLoader.loadClassOrNull(Ljava/lang/String;)Ljava/lang/Class;+3 java.base@19.0.1
j  jdk.internal.loader.BuiltinClassLoader.loadClassOrNull(Ljava/lang/String;Z)Ljava/lang/Class;+66 java.base@19.0.1
j  jdk.internal.loader.BuiltinClassLoader.loadClass(Ljava/lang/String;Z)Ljava/lang/Class;+3 java.base@19.0.1
j  jdk.internal.loader.ClassLoaders$AppClassLoader.loadClass(Ljava/lang/String;Z)Ljava/lang/Class;+36 java.base@19.0.1
j  java.lang.ClassLoader.loadClass(Ljava/lang/String;)Ljava/lang/Class;+3 java.base@19.0.1
v  ~StubRoutines::call_stub 0x00000269d1ec1016
j  java.lang.ClassLoader.defineClass1(Ljava/lang/ClassLoader;Ljava/lang/String;[BIILjava/security/ProtectionDomain;Ljava/lang/String;)Ljava/lang/Class;+0 java.base@19.0.1
j  java.lang.ClassLoader.defineClass(Ljava/lang/String;[BIILjava/security/ProtectionDomain;)Ljava/lang/Class;+27 java.base@19.0.1
j  java.security.SecureClassLoader.defineClass(Ljava/lang/String;[BIILjava/security/CodeSource;)Ljava/lang/Class;+12 java.base@19.0.1
j  jdk.internal.loader.BuiltinClassLoader.defineClass(Ljava/lang/String;Ljdk/internal/loader/Resource;)Ljava/lang/Class;+117 java.base@19.0.1
j  jdk.internal.loader.BuiltinClassLoader.findClassOnClassPathOrNull(Ljava/lang/String;)Ljava/lang/Class;+37 java.base@19.0.1
j  jdk.internal.loader.BuiltinClassLoader.loadClassOrNull(Ljava/lang/String;Z)Ljava/lang/Class;+111 java.base@19.0.1
j  jdk.internal.loader.BuiltinClassLoader.loadClass(Ljava/lang/String;Z)Ljava/lang/Class;+3 java.base@19.0.1
j  jdk.internal.loader.ClassLoaders$AppClassLoader.loadClass(Ljava/lang/String;Z)Ljava/lang/Class;+36 java.base@19.0.1
j  java.lang.ClassLoader.loadClass(Ljava/lang/String;)Ljava/lang/Class;+3 java.base@19.0.1
v  ~StubRoutines::call_stub 0x00000269d1ec1016
j  java.lang.Class.forName0(Ljava/lang/String;ZLjava/lang/ClassLoader;Ljava/lang/Class;)Ljava/lang/Class;+0 java.base@19.0.1
j  java.lang.Class.forName(Ljava/lang/String;ZLjava/lang/ClassLoader;Ljava/lang/Class;)Ljava/lang/Class;+37 java.base@19.0.1
j  java.lang.Class.forName(Ljava/lang/String;ZLjava/lang/ClassLoader;)Ljava/lang/Class;+20 java.base@19.0.1
j  sun.launcher.LauncherHelper.loadMainClass(ILjava/lang/String;)Ljava/lang/Class;+95 java.base@19.0.1
j  sun.launcher.LauncherHelper.checkAndLoadMain(ZILjava/lang/String;)Ljava/lang/Class;+42 java.base@19.0.1
v  ~StubRoutines::call_stub 0x00000269d1ec1016

---------------  P R O C E S S  ---------------

Threads class SMR info:
_java_thread_list=0x00000269e250edb0, length=12, elements={
0x00000269c2a17e10, 0x00000269de286950, 0x00000269de2892a0, 0x00000269de28c700,
0x00000269de28d030, 0x00000269de28d960, 0x00000269de2977f0, 0x00000269de2c5450,
0x00000269de2c5dc0, 0x00000269de2c6870, 0x00000269e2594740, 0x00000269e2597910
}

Java Threads: ( => current thread )
=>0x00000269c2a17e10 JavaThread "main" [_thread_in_vm, id=3748, stack(0x000000eb5f400000,0x000000eb5f500000)]
  0x00000269de286950 JavaThread "Reference Handler" daemon [_thread_blocked, id=4140, stack(0x000000eb5fb00000,0x000000eb5fc00000)]
  0x00000269de2892a0 JavaThread "Finalizer" daemon [_thread_blocked, id=10508, stack(0x000000eb5fc00000,0x000000eb5fd00000)]
  0x00000269de28c700 JavaThread "Signal Dispatcher" daemon [_thread_blocked, id=11456, stack(0x000000eb5fd00000,0x000000eb5fe00000)]
  0x00000269de28d030 JavaThread "Attach Listener" daemon [_thread_blocked, id=11856, stack(0x000000eb5fe00000,0x000000eb5ff00000)]
  0x00000269de28d960 JavaThread "Service Thread" daemon [_thread_blocked, id=6452, stack(0x000000eb5ff00000,0x000000eb60000000)]
  0x00000269de2977f0 JavaThread "Monitor Deflation Thread" daemon [_thread_blocked, id=12956, stack(0x000000eb60000000,0x000000eb60100000)]
  0x00000269de2c5450 JavaThread "C2 CompilerThread0" daemon [_thread_blocked, id=3084, stack(0x000000eb60100000,0x000000eb60200000)]
  0x00000269de2c5dc0 JavaThread "C1 CompilerThread0" daemon [_thread_blocked, id=9540, stack(0x000000eb60200000,0x000000eb60300000)]
  0x00000269de2c6870 JavaThread "Sweeper thread" daemon [_thread_blocked, id=10696, stack(0x000000eb60300000,0x000000eb60400000)]
  0x00000269e2594740 JavaThread "Notification Thread" daemon [_thread_blocked, id=3812, stack(0x000000eb60400000,0x000000eb60500000)]
  0x00000269e2597910 JavaThread "Common-Cleaner" daemon [_thread_blocked, id=10828, stack(0x000000eb60600000,0x000000eb60700000)]

Other Threads:
  0x00000269c2adc350 VMThread "VM Thread" [stack: 0x000000eb5fa00000,0x000000eb5fb00000] [id=10372]
  0x00000269e25970a0 WatcherThread "VM Periodic Task Thread" [stack: 0x000000eb60500000,0x000000eb60600000] [id=1336]
  0x00000269c2a598a0 WorkerThread "GC Thread#0" [stack: 0x000000eb5f500000,0x000000eb5f600000] [id=2764]
  0x00000269c2a62460 ConcurrentGCThread "G1 Main Marker" [stack: 0x000000eb5f600000,0x000000eb5f700000] [id=13896]
  0x00000269c2a62e90 WorkerThread "G1 Conc#0" [stack: 0x000000eb5f700000,0x000000eb5f800000] [id=10948]
  0x00000269c2abd200 ConcurrentGCThread "G1 Refine#0" [stack: 0x000000eb5f800000,0x000000eb5f900000] [id=8392]
  0x00000269c2abdd40 ConcurrentGCThread "G1 Service" [stack: 0x000000eb5f900000,0x000000eb5fa00000] [id=4756]

Threads with active compile tasks:

VM state: not at safepoint (normal execution)

VM Mutex/Monitor currently owned by a thread: None

Heap address: 0x00000000c2a00000, size: 982 MB, Compressed Oops mode: 32-bit

CDS archive(s) mapped at: [0x0000000800000000-0x0000000800c40000-0x0000000800c40000), size 12845056, SharedBaseAddress: 0x0000000800000000, ArchiveRelocationMode: 0.
Compressed class space mapped at: 0x0000000801000000-0x0000000841000000, reserved size: 1073741824
Narrow klass base: 0x0000000800000000, Narrow klass shift: 0, Narrow klass range: 0x100000000

GC Precious Log:
 CardTable entry size: 512
 Card Set container configuration: InlinePtr #cards 5 size 8 Array Of Cards #cards 12 size 40 Howl #buckets 4 coarsen threshold 1843 Howl Bitmap #cards 512 size 80 coarsen threshold 460 Card regions per heap region 1 cards per card region 2048
 CPUs: 4 total, 4 available
 Memory: 3920M
 Large Page Support: Disabled
 NUMA Support: Disabled
 Compressed Oops: Enabled (32-bit)
 Heap Region Size: 1M
 Heap Min Capacity: 8M
 Heap Initial Capacity: 62M
 Heap Max Capacity: 982M
 Pre-touch: Disabled
 Parallel Workers: 4
 Concurrent Workers: 1
 Concurrent Refinement Workers: 4
 Periodic GC: Disabled

Heap:
 garbage-first heap   total 63488K, used 1024K [0x00000000c2a00000, 0x0000000100000000)
  region size 1024K, 2 young (2048K), 0 survivors (0K)
 Metaspace       used 213K, committed 384K, reserved 1114112K
  class space    used 5K, committed 64K, reserved 1048576K

Heap Regions: E=young(eden), S=young(survivor), O=old, HS=humongous(starts), HC=humongous(continues), CS=collection set, F=free, OA=open archive, CA=closed archive, TAMS=top-at-mark-start (previous, next)
|   0|0x00000000c2a00000, 0x00000000c2a00000, 0x00000000c2b00000|  0%| F|  |TAMS 0x00000000c2a00000, 0x00000000c2a00000| Untracked 
|   1|0x00000000c2b00000, 0x00000000c2b00000, 0x00000000c2c00000|  0%| F|  |TAMS 0x00000000c2b00000, 0x00000000c2b00000| Untracked 
|   2|0x00000000c2c00000, 0x00000000c2c00000, 0x00000000c2d00000|  0%| F|  |TAMS 0x00000000c2c00000, 0x00000000c2c00000| Untracked 
|   3|0x00000000c2d00000, 0x00000000c2d00000, 0x00000000c2e00000|  0%| F|  |TAMS 0x00000000c2d00000, 0x00000000c2d00000| Untracked 
|   4|0x00000000c2e00000, 0x00000000c2e00000, 0x00000000c2f00000|  0%| F|  |TAMS 0x00000000c2e00000, 0x00000000c2e00000| Untracked 
|   5|0x00000000c2f00000, 0x00000000c2f00000, 0x00000000c3000000|  0%| F|  |TAMS 0x00000000c2f00000, 0x00000000c2f00000| Untracked 
|   6|0x00000000c3000000, 0x00000000c3000000, 0x00000000c3100000|  0%| F|  |TAMS 0x00000000c3000000, 0x00000000c3000000| Untracked 
|   7|0x00000000c3100000, 0x00000000c3100000, 0x00000000c3200000|  0%| F|  |TAMS 0x00000000c3100000, 0x00000000c3100000| Untracked 
|   8|0x00000000c3200000, 0x00000000c3200000, 0x00000000c3300000|  0%| F|  |TAMS 0x00000000c3200000, 0x00000000c3200000| Untracked 
|   9|0x00000000c3300000, 0x00000000c3300000, 0x00000000c3400000|  0%| F|  |TAMS 0x00000000c3300000, 0x00000000c3300000| Untracked 
|  10|0x00000000c3400000, 0x00000000c3400000, 0x00000000c3500000|  0%| F|  |TAMS 0x00000000c3400000, 0x00000000c3400000| Untracked 
|  11|0x00000000c3500000, 0x00000000c3500000, 0x00000000c3600000|  0%| F|  |TAMS 0x00000000c3500000, 0x00000000c3500000| Untracked 
|  12|0x00000000c3600000, 0x00000000c3600000, 0x00000000c3700000|  0%| F|  |TAMS 0x00000000c3600000, 0x00000000c3600000| Untracked 
|  13|0x00000000c3700000, 0x00000000c3700000, 0x00000000c3800000|  0%| F|  |TAMS 0x00000000c3700000, 0x00000000c3700000| Untracked 
|  14|0x00000000c3800000, 0x00000000c3800000, 0x00000000c3900000|  0%| F|  |TAMS 0x00000000c3800000, 0x00000000c3800000| Untracked 
|  15|0x00000000c3900000, 0x00000000c3900000, 0x00000000c3a00000|  0%| F|  |TAMS 0x00000000c3900000, 0x00000000c3900000| Untracked 
|  16|0x00000000c3a00000, 0x00000000c3a00000, 0x00000000c3b00000|  0%| F|  |TAMS 0x00000000c3a00000, 0x00000000c3a00000| Untracked 
|  17|0x00000000c3b00000, 0x00000000c3b00000, 0x00000000c3c00000|  0%| F|  |TAMS 0x00000000c3b00000, 0x00000000c3b00000| Untracked 
|  18|0x00000000c3c00000, 0x00000000c3c00000, 0x00000000c3d00000|  0%| F|  |TAMS 0x00000000c3c00000, 0x00000000c3c00000| Untracked 
|  19|0x00000000c3d00000, 0x00000000c3d00000, 0x00000000c3e00000|  0%| F|  |TAMS 0x00000000c3d00000, 0x00000000c3d00000| Untracked 
|  20|0x00000000c3e00000, 0x00000000c3e00000, 0x00000000c3f00000|  0%| F|  |TAMS 0x00000000c3e00000, 0x00000000c3e00000| Untracked 
|  21|0x00000000c3f00000, 0x00000000c3f00000, 0x00000000c4000000|  0%| F|  |TAMS 0x00000000c3f00000, 0x00000000c3f00000| Untracked 
|  22|0x00000000c4000000, 0x00000000c4000000, 0x00000000c4100000|  0%| F|  |TAMS 0x00000000c4000000, 0x00000000c4000000| Untracked 
|  23|0x00000000c4100000, 0x00000000c4100000, 0x00000000c4200000|  0%| F|  |TAMS 0x00000000c4100000, 0x00000000c4100000| Untracked 
|  24|0x00000000c4200000, 0x00000000c4200000, 0x00000000c4300000|  0%| F|  |TAMS 0x00000000c4200000, 0x00000000c4200000| Untracked 
|  25|0x00000000c4300000, 0x00000000c4300000, 0x00000000c4400000|  0%| F|  |TAMS 0x00000000c4300000, 0x00000000c4300000| Untracked 
|  26|0x00000000c4400000, 0x00000000c4400000, 0x00000000c4500000|  0%| F|  |TAMS 0x00000000c4400000, 0x00000000c4400000| Untracked 
|  27|0x00000000c4500000, 0x00000000c4500000, 0x00000000c4600000|  0%| F|  |TAMS 0x00000000c4500000, 0x00000000c4500000| Untracked 
|  28|0x00000000c4600000, 0x00000000c4600000, 0x00000000c4700000|  0%| F|  |TAMS 0x00000000c4600000, 0x00000000c4600000| Untracked 
|  29|0x00000000c4700000, 0x00000000c4700000, 0x00000000c4800000|  0%| F|  |TAMS 0x00000000c4700000, 0x00000000c4700000| Untracked 
|  30|0x00000000c4800000, 0x00000000c4800000, 0x00000000c4900000|  0%| F|  |TAMS 0x00000000c4800000, 0x00000000c4800000| Untracked 
|  31|0x00000000c4900000, 0x00000000c4900000, 0x00000000c4a00000|  0%| F|  |TAMS 0x00000000c4900000, 0x00000000c4900000| Untracked 
|  32|0x00000000c4a00000, 0x00000000c4a00000, 0x00000000c4b00000|  0%| F|  |TAMS 0x00000000c4a00000, 0x00000000c4a00000| Untracked 
|  33|0x00000000c4b00000, 0x00000000c4b00000, 0x00000000c4c00000|  0%| F|  |TAMS 0x00000000c4b00000, 0x00000000c4b00000| Untracked 
|  34|0x00000000c4c00000, 0x00000000c4c00000, 0x00000000c4d00000|  0%| F|  |TAMS 0x00000000c4c00000, 0x00000000c4c00000| Untracked 
|  35|0x00000000c4d00000, 0x00000000c4d00000, 0x00000000c4e00000|  0%| F|  |TAMS 0x00000000c4d00000, 0x00000000c4d00000| Untracked 
|  36|0x00000000c4e00000, 0x00000000c4e00000, 0x00000000c4f00000|  0%| F|  |TAMS 0x00000000c4e00000, 0x00000000c4e00000| Untracked 
|  37|0x00000000c4f00000, 0x00000000c4f00000, 0x00000000c5000000|  0%| F|  |TAMS 0x00000000c4f00000, 0x00000000c4f00000| Untracked 
|  38|0x00000000c5000000, 0x00000000c5000000, 0x00000000c5100000|  0%| F|  |TAMS 0x00000000c5000000, 0x00000000c5000000| Untracked 
|  39|0x00000000c5100000, 0x00000000c5100000, 0x00000000c5200000|  0%| F|  |TAMS 0x00000000c5100000, 0x00000000c5100000| Untracked 
|  40|0x00000000c5200000, 0x00000000c5200000, 0x00000000c5300000|  0%| F|  |TAMS 0x00000000c5200000, 0x00000000c5200000| Untracked 
|  41|0x00000000c5300000, 0x00000000c5300000, 0x00000000c5400000|  0%| F|  |TAMS 0x00000000c5300000, 0x00000000c5300000| Untracked 
|  42|0x00000000c5400000, 0x00000000c5400000, 0x00000000c5500000|  0%| F|  |TAMS 0x00000000c5400000, 0x00000000c5400000| Untracked 
|  43|0x00000000c5500000, 0x00000000c5500000, 0x00000000c5600000|  0%| F|  |TAMS 0x00000000c5500000, 0x00000000c5500000| Untracked 
|  44|0x00000000c5600000, 0x00000000c5600000, 0x00000000c5700000|  0%| F|  |TAMS 0x00000000c5600000, 0x00000000c5600000| Untracked 
|  45|0x00000000c5700000, 0x00000000c5700000, 0x00000000c5800000|  0%| F|  |TAMS 0x00000000c5700000, 0x00000000c5700000| Untracked 
|  46|0x00000000c5800000, 0x00000000c5800000, 0x00000000c5900000|  0%| F|  |TAMS 0x00000000c5800000, 0x00000000c5800000| Untracked 
|  47|0x00000000c5900000, 0x00000000c5900000, 0x00000000c5a00000|  0%| F|  |TAMS 0x00000000c5900000, 0x00000000c5900000| Untracked 
|  48|0x00000000c5a00000, 0x00000000c5a00000, 0x00000000c5b00000|  0%| F|  |TAMS 0x00000000c5a00000, 0x00000000c5a00000| Untracked 
|  49|0x00000000c5b00000, 0x00000000c5b00000, 0x00000000c5c00000|  0%| F|  |TAMS 0x00000000c5b00000, 0x00000000c5b00000| Untracked 
|  50|0x00000000c5c00000, 0x00000000c5c00000, 0x00000000c5d00000|  0%| F|  |TAMS 0x00000000c5c00000, 0x00000000c5c00000| Untracked 
|  51|0x00000000c5d00000, 0x00000000c5d00000, 0x00000000c5e00000|  0%| F|  |TAMS 0x00000000c5d00000, 0x00000000c5d00000| Untracked 
|  52|0x00000000c5e00000, 0x00000000c5e00000, 0x00000000c5f00000|  0%| F|  |TAMS 0x00000000c5e00000, 0x00000000c5e00000| Untracked 
|  53|0x00000000c5f00000, 0x00000000c5f00000, 0x00000000c6000000|  0%| F|  |TAMS 0x00000000c5f00000, 0x00000000c5f00000| Untracked 
|  54|0x00000000c6000000, 0x00000000c6000000, 0x00000000c6100000|  0%| F|  |TAMS 0x00000000c6000000, 0x00000000c6000000| Untracked 
|  55|0x00000000c6100000, 0x00000000c6100000, 0x00000000c6200000|  0%| F|  |TAMS 0x00000000c6100000, 0x00000000c6100000| Untracked 
|  56|0x00000000c6200000, 0x00000000c6200000, 0x00000000c6300000|  0%| F|  |TAMS 0x00000000c6200000, 0x00000000c6200000| Untracked 
|  57|0x00000000c6300000, 0x00000000c6300000, 0x00000000c6400000|  0%| F|  |TAMS 0x00000000c6300000, 0x00000000c6300000| Untracked 
|  58|0x00000000c6400000, 0x00000000c6400000, 0x00000000c6500000|  0%| F|  |TAMS 0x00000000c6400000, 0x00000000c6400000| Untracked 
|  59|0x00000000c6500000, 0x00000000c6500000, 0x00000000c6600000|  0%| F|  |TAMS 0x00000000c6500000, 0x00000000c6500000| Untracked 
|  60|0x00000000c6600000, 0x00000000c6685ac8, 0x00000000c6700000| 52%| E|  |TAMS 0x00000000c6600000, 0x00000000c6600000| Complete 
|  61|0x00000000c6700000, 0x00000000c6800000, 0x00000000c6800000|100%| E|CS|TAMS 0x00000000c6700000, 0x00000000c6700000| Complete 

Card table byte_map: [0x00000269d9b80000,0x00000269d9d70000] _byte_map_base: 0x00000269d956b000

Marking Bits (Prev, Next): (CMBitMap*) 0x00000269c2a59ed0, (CMBitMap*) 0x00000269c2a59f10
 Prev Bits: [0x00000269d9f60000, 0x00000269daeb8000)
 Next Bits: [0x00000269daec0000, 0x00000269dbe18000)

Polling page: 0x00000269c09f0000

Metaspace:

Usage:
  Non-class:    208.42 KB used.
      Class:      5.55 KB used.
       Both:    213.98 KB used.

Virtual space:
  Non-class space:       64.00 MB reserved,     320.00 KB ( <1%) committed,  1 nodes.
      Class space:        1.00 GB reserved,      64.00 KB ( <1%) committed,  1 nodes.
             Both:        1.06 GB reserved,     384.00 KB ( <1%) committed. 

Chunk freelists:
   Non-Class:  4.00 MB
       Class:  3.75 MB
        Both:  7.75 MB

MaxMetaspaceSize: unlimited
CompressedClassSpaceSize: 1.00 GB
Initial GC threshold: 21.00 MB
Current GC threshold: 21.00 MB
CDS: on
MetaspaceReclaimPolicy: balanced
 - commit_granule_bytes: 65536.
 - commit_granule_words: 8192.
 - virtual_space_node_default_size: 8388608.
 - enlarge_chunks_in_place: 1.
 - new_chunks_are_fully_committed: 0.
 - uncommit_free_chunks: 1.
 - use_allocation_guard: 0.


Internal statistics:

num_allocs_failed_limit: 0.
num_arena_births: 4.
num_arena_deaths: 0.
num_vsnodes_births: 2.
num_vsnodes_deaths: 0.
num_space_committed: 6.
num_space_uncommitted: 0.
num_chunks_returned_to_freelist: 0.
num_chunks_taken_from_freelist: 4.
num_chunk_merges: 0.
num_chunk_splits: 2.
num_chunks_enlarged: 0.
num_inconsistent_stats: 0.

CodeHeap 'non-profiled nmethods': size=120000Kb used=13Kb max_used=13Kb free=119986Kb
 bounds [0x00000269d2460000, 0x00000269d26d0000, 0x00000269d9990000]
CodeHeap 'profiled nmethods': size=120000Kb used=82Kb max_used=82Kb free=119917Kb
 bounds [0x00000269ca990000, 0x00000269cac00000, 0x00000269d1ec0000]
CodeHeap 'non-nmethods': size=5760Kb used=1124Kb max_used=1131Kb free=4635Kb
 bounds [0x00000269d1ec0000, 0x00000269d2130000, 0x00000269d2460000]
 total_blobs=363 nmethods=65 adapters=210
 compilation: enabled
              stopped_count=0, restarted_count=0
 full_count=0

Compilation events (20 events):
Event: 0.095 Thread 0x00000269de2c5dc0   54       1       java.lang.module.ModuleDescriptor$Exports::source (5 bytes)
Event: 0.095 Thread 0x00000269de2c5dc0 nmethod 54 0x00000269d2461f90 code [0x00000269d2462120, 0x00000269d24621d8]
Event: 0.095 Thread 0x00000269de2c5dc0   53       1       java.lang.module.ModuleDescriptor::isAutomatic (5 bytes)
Event: 0.095 Thread 0x00000269de2c5dc0 nmethod 53 0x00000269d2462290 code [0x00000269d2462420, 0x00000269d24624f8]
Event: 0.095 Thread 0x00000269de2c5dc0   46       1       java.lang.module.ResolvedModule::reference (5 bytes)
Event: 0.095 Thread 0x00000269de2c5dc0 nmethod 46 0x00000269d2462590 code [0x00000269d2462720, 0x00000269d24627d8]
Event: 0.095 Thread 0x00000269de2c5dc0   61       3       java.util.ImmutableCollections$Set12$1::next (95 bytes)
Event: 0.095 Thread 0x00000269de2c5dc0 nmethod 61 0x00000269ca9a3590 code [0x00000269ca9a3760, 0x00000269ca9a3a48]
Event: 0.095 Thread 0x00000269de2c5dc0   60       1       java.util.ImmutableCollections$Set12::isEmpty (2 bytes)
Event: 0.096 Thread 0x00000269de2c5dc0 nmethod 60 0x00000269d2462890 code [0x00000269d2462a20, 0x00000269d2462af8]
Event: 0.096 Thread 0x00000269de2c5dc0   56       1       java.lang.module.ResolvedModule::configuration (5 bytes)
Event: 0.096 Thread 0x00000269de2c5dc0 nmethod 56 0x00000269d2462b90 code [0x00000269d2462d20, 0x00000269d2462dd8]
Event: 0.096 Thread 0x00000269de2c5dc0   59       1       java.lang.module.ModuleDescriptor$Exports::targets (5 bytes)
Event: 0.096 Thread 0x00000269de2c5dc0 nmethod 59 0x00000269d2462e90 code [0x00000269d2463020, 0x00000269d24630d8]
Event: 0.098 Thread 0x00000269de2c5dc0   62       3       java.lang.StringUTF16::getChar (60 bytes)
Event: 0.099 Thread 0x00000269de2c5dc0 nmethod 62 0x00000269ca9a3b90 code [0x00000269ca9a3d40, 0x00000269ca9a3eb8]
Event: 0.099 Thread 0x00000269de2c5dc0   63       3       java.lang.AbstractStringBuilder::ensureCapacityInternal (39 bytes)
Event: 0.100 Thread 0x00000269de2c5dc0 nmethod 63 0x00000269ca9a3f90 code [0x00000269ca9a4140, 0x00000269ca9a4378]
Event: 0.101 Thread 0x00000269de2c5dc0   64       3       java.lang.String::isEmpty (14 bytes)
Event: 0.101 Thread 0x00000269de2c5dc0 nmethod 64 0x00000269ca9a4490 code [0x00000269ca9a4620, 0x00000269ca9a4798]

GC Heap History (0 events):
No events

Dll operation events (2 events):
Event: 0.013 Loaded shared library C:\Program Files\Java\jdk-19\bin\java.dll
Event: 0.034 Loaded shared library C:\Program Files\Java\jdk-19\bin\jsvml.dll

Deoptimization events (0 events):
No events

Classes loaded (15 events):
Event: 0.057 Loading class sun/nio/cs/IBM850
Event: 0.058 Loading class sun/nio/cs/IBM850 done
Event: 0.058 Loading class sun/nio/cs/IBM850$Holder
Event: 0.058 Loading class sun/nio/cs/IBM850$Holder done
Event: 0.099 Loading class jdk/internal/loader/URLClassPath$FileLoader
Event: 0.099 Loading class jdk/internal/loader/URLClassPath$FileLoader done
Event: 0.101 Loading class jdk/internal/loader/URLClassPath$FileLoader$1
Event: 0.102 Loading class jdk/internal/loader/URLClassPath$FileLoader$1 done
Event: 0.106 Loading class javax/swing/JPanel
Event: 0.106 Loading class javax/accessibility/Accessible
Event: 0.106 Loading class javax/accessibility/Accessible done
Event: 0.106 Loading class javax/swing/JComponent
Event: 0.107 Loading class javax/swing/TransferHandler$HasGetTransferHandler
Event: 0.107 Loading class javax/swing/TransferHandler$HasGetTransferHandler done
Event: 0.108 Loading class java/awt/Container

Classes unloaded (0 events):
No events

Classes redefined (0 events):
No events

Internal exceptions (0 events):
No events

VM Operations (0 events):
No events

Events (12 events):
Event: 0.034 Thread 0x00000269c2a17e10 Thread added: 0x00000269c2a17e10
Event: 0.061 Thread 0x00000269de286950 Thread added: 0x00000269de286950
Event: 0.061 Thread 0x00000269de2892a0 Thread added: 0x00000269de2892a0
Event: 0.062 Thread 0x00000269de28c700 Thread added: 0x00000269de28c700
Event: 0.062 Thread 0x00000269de28d030 Thread added: 0x00000269de28d030
Event: 0.062 Thread 0x00000269de28d960 Thread added: 0x00000269de28d960
Event: 0.063 Thread 0x00000269de2977f0 Thread added: 0x00000269de2977f0
Event: 0.063 Thread 0x00000269de2c5450 Thread added: 0x00000269de2c5450
Event: 0.063 Thread 0x00000269de2c5dc0 Thread added: 0x00000269de2c5dc0
Event: 0.063 Thread 0x00000269de2c6870 Thread added: 0x00000269de2c6870
Event: 0.096 Thread 0x00000269e2594740 Thread added: 0x00000269e2594740
Event: 0.103 Thread 0x00000269e2597910 Thread added: 0x00000269e2597910


Dynamic libraries:
0x00007ff71b6d0000 - 0x00007ff71b6e0000 	C:\Program Files\Java\jdk-19\bin\java.exe
0x00007ffe57870000 - 0x00007ffe57a68000 	C:\WINDOWS\SYSTEM32\ntdll.dll
0x00007ffe56070000 - 0x00007ffe5612f000 	C:\WINDOWS\System32\KERNEL32.DLL
0x00007ffe552d0000 - 0x00007ffe555a2000 	C:\WINDOWS\System32\KERNELBASE.dll
0x00007ffe555e0000 - 0x00007ffe556e0000 	C:\WINDOWS\System32\ucrtbase.dll
0x00007ffe43370000 - 0x00007ffe4338b000 	C:\Program Files\Java\jdk-19\bin\VCRUNTIME140.dll
0x00007ffe43390000 - 0x00007ffe433a8000 	C:\Program Files\Java\jdk-19\bin\jli.dll
0x00007ffe564f0000 - 0x00007ffe5659e000 	C:\WINDOWS\System32\ADVAPI32.dll
0x00007ffe56630000 - 0x00007ffe566ce000 	C:\WINDOWS\System32\msvcrt.dll
0x00007ffe56d50000 - 0x00007ffe56dec000 	C:\WINDOWS\System32\sechost.dll
0x00007ffe559a0000 - 0x00007ffe55ac5000 	C:\WINDOWS\System32\RPCRT4.dll
0x00007ffe55ad0000 - 0x00007ffe55c6d000 	C:\WINDOWS\System32\USER32.dll
0x00007ffe556e0000 - 0x00007ffe55702000 	C:\WINDOWS\System32\win32u.dll
0x00007ffe42730000 - 0x00007ffe429ca000 	C:\WINDOWS\WinSxS\amd64_microsoft.windows.common-controls_6595b64144ccf1df_6.0.19041.1110_none_60b5254171f9507e\COMCTL32.dll
0x00007ffe567a0000 - 0x00007ffe567cb000 	C:\WINDOWS\System32\GDI32.dll
0x00007ffe54f70000 - 0x00007ffe5507f000 	C:\WINDOWS\System32\gdi32full.dll
0x00007ffe55110000 - 0x00007ffe551ad000 	C:\WINDOWS\System32\msvcp_win.dll
0x00007ffe4dea0000 - 0x00007ffe4deaa000 	C:\WINDOWS\SYSTEM32\VERSION.dll
0x00007ffe55c70000 - 0x00007ffe55ca2000 	C:\WINDOWS\System32\IMM32.DLL
0x00007ffe439f0000 - 0x00007ffe439fc000 	C:\Program Files\Java\jdk-19\bin\vcruntime140_1.dll
0x00007ffe372f0000 - 0x00007ffe3737e000 	C:\Program Files\Java\jdk-19\bin\msvcp140.dll
0x00007ffe11d90000 - 0x00007ffe12a50000 	C:\Program Files\Java\jdk-19\bin\server\jvm.dll
0x00007ffe50060000 - 0x00007ffe50069000 	C:\WINDOWS\SYSTEM32\WSOCK32.dll
0x00007ffe40fa0000 - 0x00007ffe40fc7000 	C:\WINDOWS\SYSTEM32\WINMM.dll
0x00007ffe56df0000 - 0x00007ffe56e5b000 	C:\WINDOWS\System32\ws2_32.DLL
0x00007ffe537f0000 - 0x00007ffe53802000 	C:\WINDOWS\SYSTEM32\kernel.appcore.dll
0x00007ffe41f00000 - 0x00007ffe41f0a000 	C:\Program Files\Java\jdk-19\bin\jimage.dll
0x00007ffe534f0000 - 0x00007ffe536d4000 	C:\WINDOWS\SYSTEM32\DBGHELP.DLL
0x00007ffe432b0000 - 0x00007ffe432dc000 	C:\WINDOWS\SYSTEM32\dbgcore.DLL
0x00007ffe55080000 - 0x00007ffe55102000 	C:\WINDOWS\System32\bcryptPrimitives.dll
0x00007ffe3e490000 - 0x00007ffe3e4b6000 	C:\Program Files\Java\jdk-19\bin\java.dll
0x00007ffe23200000 - 0x00007ffe232d7000 	C:\Program Files\Java\jdk-19\bin\jsvml.dll
0x00007ffe56f30000 - 0x00007ffe57673000 	C:\WINDOWS\System32\SHELL32.dll
0x00007ffe52c80000 - 0x00007ffe53412000 	C:\WINDOWS\SYSTEM32\windows.storage.dll
0x00007ffe55d10000 - 0x00007ffe56064000 	C:\WINDOWS\System32\combase.dll
0x00007ffe548f0000 - 0x00007ffe54920000 	C:\WINDOWS\SYSTEM32\Wldp.dll
0x00007ffe56ca0000 - 0x00007ffe56d4d000 	C:\WINDOWS\System32\SHCORE.dll
0x00007ffe56e70000 - 0x00007ffe56ec5000 	C:\WINDOWS\System32\shlwapi.dll
0x00007ffe54eb0000 - 0x00007ffe54ecf000 	C:\WINDOWS\SYSTEM32\profapi.dll

dbghelp: loaded successfully - version: 4.0.5 - missing functions: none
symbol engine: initialized successfully - sym options: 0x614 - pdb path: .;C:\Program Files\Java\jdk-19\bin;C:\WINDOWS\SYSTEM32;C:\WINDOWS\WinSxS\amd64_microsoft.windows.common-controls_6595b64144ccf1df_6.0.19041.1110_none_60b5254171f9507e;C:\Program Files\Java\jdk-19\bin\server

VM Arguments:
java_command: FenetreJeu
java_class_path (initial): .
Launcher Type: SUN_STANDARD

[Global flags]
     intx CICompilerCount                          = 3                                         {product} {ergonomic}
     uint ConcGCThreads                            = 1                                         {product} {ergonomic}
     uint G1ConcRefinementThreads                  = 4                                         {product} {ergonomic}
   size_t G1HeapRegionSize                         = 1048576                                   {product} {ergonomic}
    uintx GCDrainStackTargetSize                   = 64                                        {product} {ergonomic}
   size_t InitialHeapSize                          = 65011712                                  {product} {ergonomic}
   size_t MarkStackSize                            = 4194304                                   {product} {ergonomic}
   size_t MaxHeapSize                              = 1029701632                                {product} {ergonomic}
   size_t MaxNewSize                               = 617611264                                 {product} {ergonomic}
   size_t MinHeapDeltaBytes                        = 1048576                                   {product} {ergonomic}
   size_t MinHeapSize                              = 8388608                                   {product} {ergonomic}
    uintx NonNMethodCodeHeapSize                   = 5832780                                {pd product} {ergonomic}
    uintx NonProfiledCodeHeapSize                  = 122912730                              {pd product} {ergonomic}
    uintx ProfiledCodeHeapSize                     = 122912730                              {pd product} {ergonomic}
    uintx ReservedCodeCacheSize                    = 251658240                              {pd product} {ergonomic}
     bool SegmentedCodeCache                       = true                                      {product} {ergonomic}
   size_t SoftMaxHeapSize                          = 1029701632                             {manageable} {ergonomic}
     bool UseCompressedClassPointers               = true                           {product lp64_product} {ergonomic}
     bool UseCompressedOops                        = true                           {product lp64_product} {ergonomic}
     bool UseG1GC                                  = true                                      {product} {ergonomic}
     bool UseLargePagesIndividualAllocation        = false                                  {pd product} {ergonomic}

Logging:
Log output configuration:
 #0: stdout all=warning uptime,level,tags foldmultilines=false
 #1: stderr all=off uptime,level,tags foldmultilines=false

Environment Variables:
JAVA_HOME=C:\Program Files\Java\jdk-19
PATH=C:\Program Files\Common Files\Oracle\Java\javapath;C:\Program Files (x86)\Common Files\Oracle\Java\javapath;C:\Program Files\Python38\Scripts\;C:\Program Files\Python38\;C:\WINDOWS\system32;C:\WINDOWS;C:\WINDOWS\System32\Wbem;C:\WINDOWS\System32\WindowsPowerShell\v1.0\;C:\WINDOWS\System32\OpenSSH\;C:\Program Files (x86)\AOMEI\AOMEI Backupper\6.7.0;C:\Program Files\Java\jdk-19\bin;C:\Program Files\Git\cmd;C:\Python\Python310\Scripts\;C:\Python\Python310\;C:\Users\driki\AppData\Local\Mu\bin;C:\Users\driki\AppData\Local\Microsoft\WindowsApps;;E:\IntelliJ IDEA 2022.2.4\bin;;E:\IntelliJ IDEA Community Edition 2022.2.4\bin;
USERNAME=driki
OS=Windows_NT
PROCESSOR_IDENTIFIER=Intel64 Family 6 Model 122 Stepping 1, GenuineIntel
TMP=C:\Users\driki\AppData\Local\Temp
TEMP=C:\Users\driki\AppData\Local\Temp



---------------  S Y S T E M  ---------------

OS:
 Windows 10 , 64 bit Build 19041 (10.0.19041.2251)
OS uptime: 0 days 18:47 hours

CPU: total 4 (initial active 4) (4 cores per cpu, 1 threads per core) family 6 model 122 stepping 1 microcode 0x2e, cx8, cmov, fxsr, mmx, 3dnowpref, sse, sse2, sse3, ssse3, sse4.1, sse4.2, popcnt, tsc, tscinvbit, aes, erms, clmul, sha, clflush, clflushopt, rdtscp, rdpid

Memory: 4k page, system-wide physical 3920M (436M free)
TotalPageFile size 6637M (AvailPageFile size 4M)
current process WorkingSet (physical memory assigned to process): 26M, peak: 26M
current process commit charge ("private bytes"): 133M, peak: 133M

vm_info: Java HotSpot(TM) 64-Bit Server VM (19.0.1+10-21) for windows-amd64 JRE (19.0.1+10-21), built on 2022-09-14T12:45:06Z by "mach5one" with MS VC++ 17.1 (VS2022)

END.
