#
# There is insufficient memory for the Java Runtime Environment to continue.
# Native memory allocation (mmap) failed to map 18874368 bytes for G1 virtual space
# Possible reasons:
#   The system is out of physical RAM or swap space
#   The process is running with CompressedOops enabled, and the Java Heap may be blocking the growth of the native heap
# Possible solutions:
#   Reduce memory load on the system
#   Increase physical memory or swap space
#   Check if swap backing store is full
#   Decrease Java heap size (-Xmx/-Xms)
#   Decrease number of Java threads
#   Decrease Java thread stack sizes (-Xss)
#   Set larger code cache with -XX:ReservedCodeCacheSize=
#   JVM is running with Unscaled Compressed Oops mode in which the Java heap is
#     placed in the first 4GB address space. The Java Heap base address is the
#     maximum limit for the native heap growth. Please use -XX:HeapBaseMinAddress
#     to set the Java Heap base and to place the Java Heap above 4GB virtual address.
# This output file may be truncated or incomplete.
#
#  Out of Memory Error (os_windows.cpp:3527), pid=11100, tid=8320
#
# JRE version: Java(TM) SE Runtime Environment (19.0.1+10) (build 19.0.1+10-21)
# Java VM: Java HotSpot(TM) 64-Bit Server VM (19.0.1+10-21, mixed mode, sharing, tiered, compressed oops, compressed class ptrs, g1 gc, windows-amd64)
# No core dump will be written. Minidumps are not enabled by default on client versions of Windows
#

---------------  S U M M A R Y ------------

Command Line: -Dapplication.home=C:\Program Files\Java\jdk-19 --add-modules=ALL-DEFAULT -Xms8m -Djdk.module.main=jdk.compiler jdk.compiler/com.sun.tools.javac.Main FenetreJeu.java

Host: Intel(R) Celeron(R) N4100 CPU @ 1.10GHz, 4 cores, 3G,  Windows 10 , 64 bit Build 19041 (10.0.19041.2251)
Time: Thu Dec  1 13:59:16 2022 Romance Standard Time elapsed time: 1.489837 seconds (0d 0h 0m 1s)

---------------  T H R E A D  ---------------

Current thread (0x000001b161475d10):  VMThread "VM Thread" [stack: 0x0000007d69e00000,0x0000007d69f00000] [id=8320]

Stack: [0x0000007d69e00000,0x0000007d69f00000]
Native frames: (J=compiled Java code, j=interpreted, Vv=VM code, C=native code)
V  [jvm.dll+0x6ee8fa]
V  [jvm.dll+0x857a1e]
V  [jvm.dll+0x85940e]
V  [jvm.dll+0x859ac3]
V  [jvm.dll+0x28291f]
V  [jvm.dll+0x6eb6e9]
V  [jvm.dll+0x6e028a]
V  [jvm.dll+0x357136]
V  [jvm.dll+0x35eb96]
V  [jvm.dll+0x3b555e]
V  [jvm.dll+0x3b578f]
V  [jvm.dll+0x32c6ea]
V  [jvm.dll+0x32c797]
V  [jvm.dll+0x374b52]
V  [jvm.dll+0x37328f]
V  [jvm.dll+0x32bf10]
V  [jvm.dll+0x37282b]
V  [jvm.dll+0x85ef83]
V  [jvm.dll+0x85fd49]
V  [jvm.dll+0x86027d]
V  [jvm.dll+0x86070b]
V  [jvm.dll+0x8607c7]
V  [jvm.dll+0x8015fa]
V  [jvm.dll+0x6ed5eb]
C  [ucrtbase.dll+0x21bb2]
C  [KERNEL32.DLL+0x174b4]
C  [ntdll.dll+0x526a1]

VM_Operation (0x0000007d698fe3f0): G1CollectForAllocation, mode: safepoint, requested by thread 0x000001b1613a9e90


---------------  P R O C E S S  ---------------

Threads class SMR info:
_java_thread_list=0x000001b17d35e520, length=13, elements={
0x000001b1613a9e90, 0x000001b17cbcf770, 0x000001b17cbd0360, 0x000001b17cbd39c0,
0x000001b17cbd4450, 0x000001b17cbd8580, 0x000001b17cbdb3b0, 0x000001b17cbe8ac0,
0x000001b17cc09190, 0x000001b17cc09850, 0x000001b17ce08180, 0x000001b17ce8d450,
0x000001b17d4dda10
}

Java Threads: ( => current thread )
  0x000001b1613a9e90 JavaThread "main" [_thread_blocked, id=11408, stack(0x0000007d69800000,0x0000007d69900000)]
  0x000001b17cbcf770 JavaThread "Reference Handler" daemon [_thread_blocked, id=4152, stack(0x0000007d69f00000,0x0000007d6a000000)]
  0x000001b17cbd0360 JavaThread "Finalizer" daemon [_thread_blocked, id=3224, stack(0x0000007d6a000000,0x0000007d6a100000)]
  0x000001b17cbd39c0 JavaThread "Signal Dispatcher" daemon [_thread_blocked, id=11256, stack(0x0000007d6a100000,0x0000007d6a200000)]
  0x000001b17cbd4450 JavaThread "Attach Listener" daemon [_thread_blocked, id=13536, stack(0x0000007d6a200000,0x0000007d6a300000)]
  0x000001b17cbd8580 JavaThread "Service Thread" daemon [_thread_blocked, id=11728, stack(0x0000007d6a300000,0x0000007d6a400000)]
  0x000001b17cbdb3b0 JavaThread "Monitor Deflation Thread" daemon [_thread_blocked, id=11156, stack(0x0000007d6a400000,0x0000007d6a500000)]
  0x000001b17cbe8ac0 JavaThread "C2 CompilerThread0" daemon [_thread_blocked, id=2952, stack(0x0000007d6a500000,0x0000007d6a600000)]
  0x000001b17cc09190 JavaThread "C1 CompilerThread0" daemon [_thread_blocked, id=10720, stack(0x0000007d6a600000,0x0000007d6a700000)]
  0x000001b17cc09850 JavaThread "Sweeper thread" daemon [_thread_blocked, id=14284, stack(0x0000007d6a700000,0x0000007d6a800000)]
  0x000001b17ce08180 JavaThread "Common-Cleaner" daemon [_thread_blocked, id=6960, stack(0x0000007d6a800000,0x0000007d6a900000)]
  0x000001b17ce8d450 JavaThread "Notification Thread" daemon [_thread_blocked, id=10844, stack(0x0000007d6a900000,0x0000007d6aa00000)]
  0x000001b17d4dda10 JavaThread "C2 CompilerThread1" daemon [_thread_blocked, id=8344, stack(0x0000007d6ae00000,0x0000007d6af00000)]

Other Threads:
=>0x000001b161475d10 VMThread "VM Thread" [stack: 0x0000007d69e00000,0x0000007d69f00000] [id=8320]
  0x000001b17cea1990 WatcherThread "VM Periodic Task Thread" [stack: 0x0000007d6aa00000,0x0000007d6ab00000] [id=4308]
  0x000001b1613e97f0 WorkerThread "GC Thread#0" [stack: 0x0000007d69900000,0x0000007d69a00000] [id=12432]
  0x000001b17d046c60 WorkerThread "GC Thread#1" [stack: 0x0000007d6ab00000,0x0000007d6ac00000] [id=12428]
  0x000001b17d0471d0 WorkerThread "GC Thread#2" [stack: 0x0000007d6ac00000,0x0000007d6ad00000] [id=10000]
  0x000001b17d1dec60 WorkerThread "GC Thread#3" [stack: 0x0000007d6ad00000,0x0000007d6ae00000] [id=11896]
  0x000001b1613f32d0 ConcurrentGCThread "G1 Main Marker" [stack: 0x0000007d69a00000,0x0000007d69b00000] [id=2124]
  0x000001b1613f4c20 WorkerThread "G1 Conc#0" [stack: 0x0000007d69b00000,0x0000007d69c00000] [id=2220]
  0x000001b161413650 ConcurrentGCThread "G1 Refine#0" [stack: 0x0000007d69c00000,0x0000007d69d00000] [id=8880]
  0x000001b1614140a0 ConcurrentGCThread "G1 Service" [stack: 0x0000007d69d00000,0x0000007d69e00000] [id=14272]

Threads with active compile tasks:
C2 CompilerThread0     1541 1256   !   4       com.sun.tools.javac.jvm.ClassReader::classSigToType (497 bytes)
C1 CompilerThread0     1541 1416       3       com.sun.tools.javac.code.Types$5::visitType (219 bytes)
C2 CompilerThread1     1541 1068       4       jdk.internal.jimage.ImageLocation::getFullName (109 bytes)

VM state: at safepoint (normal execution)

VM Mutex/Monitor currently owned by a thread:  ([mutex/lock_event])
[0x000001b1613a7af0] Threads_lock - owner thread: 0x000001b161475d10
[0x000001b1613a7700] Heap_lock - owner thread: 0x000001b1613a9e90

Heap address: 0x00000000c2a00000, size: 982 MB, Compressed Oops mode: 32-bit

CDS archive(s) mapped at: [0x0000000800000000-0x0000000800c40000-0x0000000800c40000), size 12845056, SharedBaseAddress: 0x0000000800000000, ArchiveRelocationMode: 0.
Compressed class space mapped at: 0x0000000801000000-0x0000000841000000, reserved size: 1073741824
Narrow klass base: 0x0000000800000000, Narrow klass shift: 0, Narrow klass range: 0x100000000

GC Precious Log:
 CardTable entry size: 512
 Card Set container configuration: InlinePtr #cards 5 size 8 Array Of Cards #cards 12 size 40 Howl #buckets 4 coarsen threshold 1843 Howl Bitmap #cards 512 size 80 coarsen threshold 460 Card regions per heap region 1 cards per card region 2048
 CPUs: 4 total, 4 available
 Memory: 3920M
 Large Page Support: Disabled
 NUMA Support: Disabled
 Compressed Oops: Enabled (32-bit)
 Heap Region Size: 1M
 Heap Min Capacity: 8M
 Heap Initial Capacity: 8M
 Heap Max Capacity: 982M
 Pre-touch: Disabled
 Parallel Workers: 4
 Concurrent Workers: 1
 Concurrent Refinement Workers: 4
 Periodic GC: Disabled

Heap:
 garbage-first heap   total 18432K, used 7918K [0x00000000c2a00000, 0x0000000100000000)
  region size 1024K, 1 young (1024K), 1 survivors (1024K)
 Metaspace       used 9113K, committed 9344K, reserved 1114112K
  class space    used 1020K, committed 1152K, reserved 1048576K

Heap Regions: E=young(eden), S=young(survivor), O=old, HS=humongous(starts), HC=humongous(continues), CS=collection set, F=free, OA=open archive, CA=closed archive, TAMS=top-at-mark-start (previous, next)
|   0|0x00000000c2a00000, 0x00000000c2b00000, 0x00000000c2b00000|100%| O|  |TAMS 0x00000000c2a00000, 0x00000000c2a00000| Untracked 
|   1|0x00000000c2b00000, 0x00000000c2c00000, 0x00000000c2c00000|100%| O|  |TAMS 0x00000000c2b00000, 0x00000000c2b00000| Untracked 
|   2|0x00000000c2c00000, 0x00000000c2d00000, 0x00000000c2d00000|100%| O|  |TAMS 0x00000000c2c00000, 0x00000000c2c00000| Untracked 
|   3|0x00000000c2d00000, 0x00000000c2e00000, 0x00000000c2e00000|100%| O|  |TAMS 0x00000000c2d00000, 0x00000000c2d00000| Untracked 
|   4|0x00000000c2e00000, 0x00000000c2f00000, 0x00000000c2f00000|100%| O|  |TAMS 0x00000000c2e00000, 0x00000000c2e00000| Untracked 
|   5|0x00000000c2f00000, 0x00000000c3000000, 0x00000000c3000000|100%| O|  |TAMS 0x00000000c2f00000, 0x00000000c2f00000| Untracked 
|   6|0x00000000c3000000, 0x00000000c3100000, 0x00000000c3100000|100%| O|  |TAMS 0x00000000c3000000, 0x00000000c3000000| Untracked 
|   7|0x00000000c3100000, 0x00000000c3117200, 0x00000000c3200000|  9%| O|  |TAMS 0x00000000c3100000, 0x00000000c3100000| Untracked 
|   8|0x00000000c3200000, 0x00000000c3200000, 0x00000000c3300000|  0%| F|  |TAMS 0x00000000c3200000, 0x00000000c3200000| Untracked 
|   9|0x00000000c3300000, 0x00000000c3300000, 0x00000000c3400000|  0%| F|  |TAMS 0x00000000c3300000, 0x00000000c3300000| Untracked 
|  10|0x00000000c3400000, 0x00000000c3400000, 0x00000000c3500000|  0%| F|  |TAMS 0x00000000c3400000, 0x00000000c3400000| Untracked 
|  11|0x00000000c3500000, 0x00000000c3500000, 0x00000000c3600000|  0%| F|  |TAMS 0x00000000c3500000, 0x00000000c3500000| Untracked 
|  12|0x00000000c3600000, 0x00000000c3600000, 0x00000000c3700000|  0%| F|  |TAMS 0x00000000c3600000, 0x00000000c3600000| Untracked 
|  13|0x00000000c3700000, 0x00000000c37a47f0, 0x00000000c3800000| 64%| S|CS|TAMS 0x00000000c3700000, 0x00000000c3700000| Complete 
|  14|0x00000000c3800000, 0x00000000c3800000, 0x00000000c3900000|  0%| F|  |TAMS 0x00000000c3800000, 0x00000000c3800000| Untracked 
|  15|0x00000000c3900000, 0x00000000c3900000, 0x00000000c3a00000|  0%| F|  |TAMS 0x00000000c3900000, 0x00000000c3900000| Untracked 
|  16|0x00000000c3a00000, 0x00000000c3a00000, 0x00000000c3b00000|  0%| F|  |TAMS 0x00000000c3a00000, 0x00000000c3a00000| Untracked 
|  17|0x00000000c3b00000, 0x00000000c3b00000, 0x00000000c3c00000|  0%| F|  |TAMS 0x00000000c3b00000, 0x00000000c3b00000| Untracked 

Card table byte_map: [0x000001b178510000,0x000001b178700000] _byte_map_base: 0x000001b177efb000

Marking Bits (Prev, Next): (CMBitMap*) 0x000001b1613ead40, (CMBitMap*) 0x000001b1613ead80
 Prev Bits: [0x000001b1788f0000, 0x000001b179848000)
 Next Bits: [0x000001b179850000, 0x000001b17a7a8000)

Polling page: 0x000001b15f300000

Metaspace:

Usage:
  Non-class:      7.90 MB used.
      Class:   1020.92 KB used.
       Both:      8.90 MB used.

Virtual space:
  Non-class space:       64.00 MB reserved,       8.00 MB ( 12%) committed,  1 nodes.
      Class space:        1.00 GB reserved,       1.12 MB ( <1%) committed,  1 nodes.
             Both:        1.06 GB reserved,       9.12 MB ( <1%) committed. 

Chunk freelists:
   Non-Class:  1.75 MB
       Class:  2.86 MB
        Both:  4.61 MB

MaxMetaspaceSize: unlimited
CompressedClassSpaceSize: 1.00 GB
Initial GC threshold: 21.00 MB
Current GC threshold: 21.00 MB
CDS: on
MetaspaceReclaimPolicy: balanced
 - commit_granule_bytes: 65536.
 - commit_granule_words: 8192.
 - virtual_space_node_default_size: 8388608.
 - enlarge_chunks_in_place: 1.
 - new_chunks_are_fully_committed: 0.
 - uncommit_free_chunks: 1.
 - use_allocation_guard: 0.


Internal statistics:

num_allocs_failed_limit: 0.
num_arena_births: 74.
num_arena_deaths: 0.
num_vsnodes_births: 2.
num_vsnodes_deaths: 0.
num_space_committed: 146.
num_space_uncommitted: 0.
num_chunks_returned_to_freelist: 0.
num_chunks_taken_from_freelist: 390.
num_chunk_merges: 0.
num_chunk_splits: 264.
num_chunks_enlarged: 211.
num_inconsistent_stats: 0.

CodeHeap 'non-profiled nmethods': size=120000Kb used=388Kb max_used=388Kb free=119611Kb
 bounds [0x000001b170df0000, 0x000001b171060000, 0x000001b178320000]
CodeHeap 'profiled nmethods': size=120000Kb used=2554Kb max_used=2554Kb free=117445Kb
 bounds [0x000001b169320000, 0x000001b1695a0000, 0x000001b170850000]
CodeHeap 'non-nmethods': size=5760Kb used=1224Kb max_used=1241Kb free=4535Kb
 bounds [0x000001b170850000, 0x000001b170ac0000, 0x000001b170df0000]
 total_blobs=1825 nmethods=1399 adapters=336
 compilation: enabled
              stopped_count=0, restarted_count=0
 full_count=0

Compilation events (20 events):
Event: 1.466 Thread 0x000001b17cc09190 nmethod 1404 0x000001b169595310 code [0x000001b1695954c0, 0x000001b169595808]
Event: 1.467 Thread 0x000001b17cc09190 1405       3       com.sun.tools.javac.code.Types$5::visitClassType (10 bytes)
Event: 1.467 Thread 0x000001b17cc09190 nmethod 1405 0x000001b169595910 code [0x000001b169595ac0, 0x000001b169595d08]
Event: 1.467 Thread 0x000001b17cc09190 1407       3       com.sun.tools.javac.code.Types$HasSameArgs::visitMethodType (10 bytes)
Event: 1.467 Thread 0x000001b17cc09190 nmethod 1407 0x000001b169595e10 code [0x000001b169595fc0, 0x000001b169596208]
Event: 1.467 Thread 0x000001b17cc09190 1406       3       com.sun.tools.javac.code.Types$5::visitClassType (387 bytes)
Event: 1.471 Thread 0x000001b17cc09190 nmethod 1406 0x000001b169596310 code [0x000001b169596980, 0x000001b16959abc8]
Event: 1.472 Thread 0x000001b17cc09190 1414       3       com.sun.tools.javac.code.Type::equals (11 bytes)
Event: 1.472 Thread 0x000001b17cc09190 nmethod 1414 0x000001b16959bb10 code [0x000001b16959bca0, 0x000001b16959bdf8]
Event: 1.472 Thread 0x000001b17cc09190 1413       3       com.sun.tools.javac.code.Types$HasSameArgs::visitMethodType (37 bytes)
Event: 1.472 Thread 0x000001b17cc09190 nmethod 1413 0x000001b16959be90 code [0x000001b16959c080, 0x000001b16959c648]
Event: 1.473 Thread 0x000001b17cc09190 1409       3       com.sun.tools.javac.code.Types$TypeMapping::visit (12 bytes)
Event: 1.473 Thread 0x000001b17cc09190 nmethod 1409 0x000001b16959c810 code [0x000001b16959ca20, 0x000001b16959d0b8]
Event: 1.473 Thread 0x000001b17cc09190 1410       3       com.sun.tools.javac.code.Types$TypeMapping$$Lambda$163/0x0000000801112c60::<init> (15 bytes)
Event: 1.474 Thread 0x000001b17cc09190 nmethod 1410 0x000001b16959d310 code [0x000001b16959d4c0, 0x000001b16959d6d8]
Event: 1.474 Thread 0x000001b17cc09190 1411       3       com.sun.tools.javac.code.Symbol::isMemberOf (47 bytes)
Event: 1.475 Thread 0x000001b17cc09190 nmethod 1411 0x000001b16959d790 code [0x000001b16959d9a0, 0x000001b16959e198]
Event: 1.475 Thread 0x000001b17cc09190 1415       3       com.sun.tools.javac.code.Types$5::visitType (10 bytes)
Event: 1.475 Thread 0x000001b17cc09190 nmethod 1415 0x000001b16959e410 code [0x000001b16959e5c0, 0x000001b16959e7e8]
Event: 1.475 Thread 0x000001b17cc09190 1416       3       com.sun.tools.javac.code.Types$5::visitType (219 bytes)

GC Heap History (20 events):
Event: 0.690 GC heap after
{Heap after GC invocations=3 (full 0):
 garbage-first heap   total 8192K, used 2122K [0x00000000c2a00000, 0x0000000100000000)
  region size 1024K, 1 young (1024K), 1 survivors (1024K)
 Metaspace       used 6630K, committed 6784K, reserved 1114112K
  class space    used 767K, committed 832K, reserved 1048576K
}
Event: 0.804 GC heap before
{Heap before GC invocations=3 (full 0):
 garbage-first heap   total 8192K, used 3146K [0x00000000c2a00000, 0x0000000100000000)
  region size 1024K, 2 young (2048K), 1 survivors (1024K)
 Metaspace       used 7682K, committed 7808K, reserved 1114112K
  class space    used 859K, committed 896K, reserved 1048576K
}
Event: 0.808 GC heap after
{Heap after GC invocations=4 (full 0):
 garbage-first heap   total 8192K, used 2379K [0x00000000c2a00000, 0x0000000100000000)
  region size 1024K, 1 young (1024K), 1 survivors (1024K)
 Metaspace       used 7682K, committed 7808K, reserved 1114112K
  class space    used 859K, committed 896K, reserved 1048576K
}
Event: 0.873 GC heap before
{Heap before GC invocations=4 (full 0):
 garbage-first heap   total 8192K, used 3403K [0x00000000c2a00000, 0x0000000100000000)
  region size 1024K, 2 young (2048K), 1 survivors (1024K)
 Metaspace       used 7909K, committed 8064K, reserved 1114112K
  class space    used 882K, committed 960K, reserved 1048576K
}
Event: 0.877 GC heap after
{Heap after GC invocations=5 (full 0):
 garbage-first heap   total 10240K, used 2779K [0x00000000c2a00000, 0x0000000100000000)
  region size 1024K, 1 young (1024K), 1 survivors (1024K)
 Metaspace       used 7909K, committed 8064K, reserved 1114112K
  class space    used 882K, committed 960K, reserved 1048576K
}
Event: 0.970 GC heap before
{Heap before GC invocations=5 (full 0):
 garbage-first heap   total 10240K, used 4827K [0x00000000c2a00000, 0x0000000100000000)
  region size 1024K, 3 young (3072K), 1 survivors (1024K)
 Metaspace       used 8093K, committed 8256K, reserved 1114112K
  class space    used 905K, committed 1024K, reserved 1048576K
}
Event: 0.975 GC heap after
{Heap after GC invocations=6 (full 0):
 garbage-first heap   total 10240K, used 3231K [0x00000000c2a00000, 0x0000000100000000)
  region size 1024K, 1 young (1024K), 1 survivors (1024K)
 Metaspace       used 8093K, committed 8256K, reserved 1114112K
  class space    used 905K, committed 1024K, reserved 1048576K
}
Event: 1.013 GC heap before
{Heap before GC invocations=6 (full 0):
 garbage-first heap   total 10240K, used 5279K [0x00000000c2a00000, 0x0000000100000000)
  region size 1024K, 3 young (3072K), 1 survivors (1024K)
 Metaspace       used 8150K, committed 8384K, reserved 1114112K
  class space    used 907K, committed 1024K, reserved 1048576K
}
Event: 1.017 GC heap after
{Heap after GC invocations=7 (full 0):
 garbage-first heap   total 10240K, used 3476K [0x00000000c2a00000, 0x0000000100000000)
  region size 1024K, 1 young (1024K), 1 survivors (1024K)
 Metaspace       used 8150K, committed 8384K, reserved 1114112K
  class space    used 907K, committed 1024K, reserved 1048576K
}
Event: 1.047 GC heap before
{Heap before GC invocations=7 (full 0):
 garbage-first heap   total 10240K, used 5524K [0x00000000c2a00000, 0x0000000100000000)
  region size 1024K, 3 young (3072K), 1 survivors (1024K)
 Metaspace       used 8208K, committed 8384K, reserved 1114112K
  class space    used 915K, committed 1024K, reserved 1048576K
}
Event: 1.051 GC heap after
{Heap after GC invocations=8 (full 0):
 garbage-first heap   total 10240K, used 3826K [0x00000000c2a00000, 0x0000000100000000)
  region size 1024K, 1 young (1024K), 1 survivors (1024K)
 Metaspace       used 8208K, committed 8384K, reserved 1114112K
  class space    used 915K, committed 1024K, reserved 1048576K
}
Event: 1.067 GC heap before
{Heap before GC invocations=8 (full 0):
 garbage-first heap   total 10240K, used 5874K [0x00000000c2a00000, 0x0000000100000000)
  region size 1024K, 3 young (3072K), 1 survivors (1024K)
 Metaspace       used 8221K, committed 8384K, reserved 1114112K
  class space    used 915K, committed 1024K, reserved 1048576K
}
Event: 1.070 GC heap after
{Heap after GC invocations=9 (full 0):
 garbage-first heap   total 18432K, used 3957K [0x00000000c2a00000, 0x0000000100000000)
  region size 1024K, 1 young (1024K), 1 survivors (1024K)
 Metaspace       used 8221K, committed 8384K, reserved 1114112K
  class space    used 915K, committed 1024K, reserved 1048576K
}
Event: 1.176 GC heap before
{Heap before GC invocations=9 (full 0):
 garbage-first heap   total 18432K, used 9077K [0x00000000c2a00000, 0x0000000100000000)
  region size 1024K, 7 young (7168K), 1 survivors (1024K)
 Metaspace       used 8390K, committed 8576K, reserved 1114112K
  class space    used 936K, committed 1024K, reserved 1048576K
}
Event: 1.182 GC heap after
{Heap after GC invocations=10 (full 0):
 garbage-first heap   total 18432K, used 4857K [0x00000000c2a00000, 0x0000000100000000)
  region size 1024K, 1 young (1024K), 1 survivors (1024K)
 Metaspace       used 8390K, committed 8576K, reserved 1114112K
  class space    used 936K, committed 1024K, reserved 1048576K
}
Event: 1.394 GC heap before
{Heap before GC invocations=10 (full 0):
 garbage-first heap   total 18432K, used 11001K [0x00000000c2a00000, 0x0000000100000000)
  region size 1024K, 7 young (7168K), 1 survivors (1024K)
 Metaspace       used 9036K, committed 9280K, reserved 1114112K
  class space    used 1018K, committed 1152K, reserved 1048576K
}
Event: 1.403 GC heap after
{Heap after GC invocations=11 (full 0):
 garbage-first heap   total 18432K, used 6620K [0x00000000c2a00000, 0x0000000100000000)
  region size 1024K, 1 young (1024K), 1 survivors (1024K)
 Metaspace       used 9036K, committed 9280K, reserved 1114112K
  class space    used 1018K, committed 1152K, reserved 1048576K
}
Event: 1.436 GC heap before
{Heap before GC invocations=11 (full 0):
 garbage-first heap   total 18432K, used 11740K [0x00000000c2a00000, 0x0000000100000000)
  region size 1024K, 6 young (6144K), 1 survivors (1024K)
 Metaspace       used 9087K, committed 9344K, reserved 1114112K
  class space    used 1020K, committed 1152K, reserved 1048576K
}
Event: 1.442 GC heap after
{Heap after GC invocations=12 (full 0):
 garbage-first heap   total 18432K, used 7355K [0x00000000c2a00000, 0x0000000100000000)
  region size 1024K, 1 young (1024K), 1 survivors (1024K)
 Metaspace       used 9087K, committed 9344K, reserved 1114112K
  class space    used 1020K, committed 1152K, reserved 1048576K
}
Event: 1.476 GC heap before
{Heap before GC invocations=12 (full 0):
 garbage-first heap   total 18432K, used 11451K [0x00000000c2a00000, 0x0000000100000000)
  region size 1024K, 5 young (5120K), 1 survivors (1024K)
 Metaspace       used 9113K, committed 9344K, reserved 1114112K
  class space    used 1020K, committed 1152K, reserved 1048576K
}

Dll operation events (5 events):
Event: 0.014 Loaded shared library C:\Program Files\Java\jdk-19\bin\java.dll
Event: 0.033 Loaded shared library C:\Program Files\Java\jdk-19\bin\jsvml.dll
Event: 0.142 Loaded shared library C:\Program Files\Java\jdk-19\bin\jimage.dll
Event: 0.272 Loaded shared library C:\Program Files\Java\jdk-19\bin\net.dll
Event: 0.276 Loaded shared library C:\Program Files\Java\jdk-19\bin\nio.dll

Deoptimization events (20 events):
Event: 0.613 Thread 0x000001b1613a9e90 Uncommon trap: trap_request=0xffffff45 fr.pc=0x000001b170e10174 relative=0x0000000000000874
Event: 0.613 Thread 0x000001b1613a9e90 Uncommon trap: reason=unstable_if action=reinterpret pc=0x000001b170e10174 method=java.util.HashMap.putVal(ILjava/lang/Object;Ljava/lang/Object;ZZ)Ljava/lang/Object; @ 181 c2
Event: 0.613 Thread 0x000001b1613a9e90 DEOPT PACKING pc=0x000001b170e10174 sp=0x0000007d698fe520
Event: 0.613 Thread 0x000001b1613a9e90 DEOPT UNPACKING pc=0x000001b1708b6d9d sp=0x0000007d698fe4c0 mode 2
Event: 0.715 Thread 0x000001b1613a9e90 Uncommon trap: trap_request=0xffffff45 fr.pc=0x000001b170e15568 relative=0x00000000000004a8
Event: 0.715 Thread 0x000001b1613a9e90 Uncommon trap: reason=unstable_if action=reinterpret pc=0x000001b170e15568 method=java.lang.StringLatin1.replace([BCC)Ljava/lang/String; @ 19 c2
Event: 0.715 Thread 0x000001b1613a9e90 DEOPT PACKING pc=0x000001b170e15568 sp=0x0000007d698feda0
Event: 0.715 Thread 0x000001b1613a9e90 DEOPT UNPACKING pc=0x000001b1708b6d9d sp=0x0000007d698fed20 mode 2
Event: 1.032 Thread 0x000001b1613a9e90 Uncommon trap: trap_request=0xffffffde fr.pc=0x000001b170e33048 relative=0x0000000000000288
Event: 1.032 Thread 0x000001b1613a9e90 Uncommon trap: reason=class_check action=maybe_recompile pc=0x000001b170e33048 method=java.util.HashMap.getNode(Ljava/lang/Object;)Ljava/util/HashMap$Node; @ 128 c2
Event: 1.032 Thread 0x000001b1613a9e90 DEOPT PACKING pc=0x000001b170e33048 sp=0x0000007d698fdfb0
Event: 1.032 Thread 0x000001b1613a9e90 DEOPT UNPACKING pc=0x000001b1708b6d9d sp=0x0000007d698fdeb8 mode 2
Event: 1.137 Thread 0x000001b1613a9e90 Uncommon trap: trap_request=0xffffff45 fr.pc=0x000001b170e29400 relative=0x0000000000000060
Event: 1.137 Thread 0x000001b1613a9e90 Uncommon trap: reason=unstable_if action=reinterpret pc=0x000001b170e29400 method=com.sun.tools.javac.jvm.PoolReader.sizeof(I)I @ 1 c2
Event: 1.137 Thread 0x000001b1613a9e90 DEOPT PACKING pc=0x000001b170e29400 sp=0x0000007d698fe210
Event: 1.137 Thread 0x000001b1613a9e90 DEOPT UNPACKING pc=0x000001b1708b6d9d sp=0x0000007d698fe1a0 mode 2
Event: 1.406 Thread 0x000001b1613a9e90 Uncommon trap: trap_request=0xffffffc6 fr.pc=0x000001b170e2d1b4 relative=0x0000000000000a74
Event: 1.406 Thread 0x000001b1613a9e90 Uncommon trap: reason=bimorphic_or_optimized_type_check action=maybe_recompile pc=0x000001b170e2d1b4 method=java.util.HashMap.putVal(ILjava/lang/Object;Ljava/lang/Object;ZZ)Ljava/lang/Object; @ 253 c2
Event: 1.406 Thread 0x000001b1613a9e90 DEOPT PACKING pc=0x000001b170e2d1b4 sp=0x0000007d698ff0d0
Event: 1.406 Thread 0x000001b1613a9e90 DEOPT UNPACKING pc=0x000001b1708b6d9d sp=0x0000007d698ff018 mode 2

Classes loaded (20 events):
Event: 0.905 Loading class sun/nio/fs/WindowsDirectoryStream$WindowsDirectoryIterator
Event: 0.905 Loading class sun/nio/fs/WindowsDirectoryStream$WindowsDirectoryIterator done
Event: 0.905 Loading class java/nio/file/Files$2
Event: 0.905 Loading class java/nio/file/Files$2 done
Event: 0.906 Loading class java/util/ImmutableCollections$Access
Event: 0.906 Loading class java/util/ImmutableCollections$Access done
Event: 0.906 Loading class java/util/ImmutableCollections$Access$1
Event: 0.906 Loading class jdk/internal/access/JavaUtilCollectionAccess
Event: 0.906 Loading class jdk/internal/access/JavaUtilCollectionAccess done
Event: 0.906 Loading class java/util/ImmutableCollections$Access$1 done
Event: 0.908 Loading class java/util/stream/Nodes$SpinedNodeBuilder
Event: 0.908 Loading class java/util/stream/Nodes$SpinedNodeBuilder done
Event: 0.908 Loading class sun/nio/fs/WindowsPath$WindowsPathWithAttributes
Event: 0.908 Loading class sun/nio/fs/BasicFileAttributesHolder
Event: 0.909 Loading class sun/nio/fs/BasicFileAttributesHolder done
Event: 0.909 Loading class sun/nio/fs/WindowsPath$WindowsPathWithAttributes done
Event: 1.109 Loading class java/util/LinkedList$Node
Event: 1.109 Loading class java/util/LinkedList$Node done
Event: 1.126 Loading class java/lang/invoke/MethodHandle$1
Event: 1.126 Loading class java/lang/invoke/MethodHandle$1 done

Classes unloaded (0 events):
No events

Classes redefined (0 events):
No events

Internal exceptions (20 events):
Event: 0.595 Thread 0x000001b1613a9e90 Exception <a 'java/lang/NoSuchMethodError'{0x00000000c3135458}: 'int java.lang.invoke.DirectMethodHandle$Holder.invokeVirtual(java.lang.Object, java.lang.Object)'> (0x00000000c3135458) 
thrown [s\open\src\hotspot\share\interpreter\linkResolver.cpp, line 774]
Event: 0.605 Thread 0x000001b1613a9e90 Exception <a 'java/lang/NoSuchMethodError'{0x00000000c315de60}: 'java.lang.Object java.lang.invoke.DirectMethodHandle$Holder.newInvokeSpecial(java.lang.Object, java.lang.Object, java.lang.Object, java.lang.Object, java.lang.Object)'> (0x00000000c315de60) 
thrown [s\open\src\hotspot\share\interpreter\linkResolver.cpp, line 774]
Event: 0.609 Thread 0x000001b1613a9e90 Exception <a 'java/lang/NoSuchMethodError'{0x00000000c316c878}: 'java.lang.Object java.lang.invoke.DirectMethodHandle$Holder.newInvokeSpecial(java.lang.Object, java.lang.Object, java.lang.Object, java.lang.Object, java.lang.Object, java.lang.Object)'> (0x00000000c316c878) 
thrown [s\open\src\hotspot\share\interpreter\linkResolver.cpp, line 774]
Event: 0.643 Thread 0x000001b1613a9e90 Exception <a 'java/lang/NoSuchMethodError'{0x00000000c31b6130}: 'java.lang.Object java.lang.invoke.DirectMethodHandle$Holder.invokeVirtual(java.lang.Object, java.lang.Object, java.lang.Object)'> (0x00000000c31b6130) 
thrown [s\open\src\hotspot\share\interpreter\linkResolver.cpp, line 774]
Event: 0.647 Thread 0x000001b1613a9e90 Exception <a 'java/lang/NoSuchMethodError'{0x00000000c31c10d8}: 'int java.lang.invoke.DirectMethodHandle$Holder.invokeInterface(java.lang.Object, java.lang.Object)'> (0x00000000c31c10d8) 
thrown [s\open\src\hotspot\share\interpreter\linkResolver.cpp, line 774]
Event: 0.649 Thread 0x000001b1613a9e90 Exception <a 'sun/nio/fs/WindowsException'{0x00000000c31c7938}> (0x00000000c31c7938) 
thrown [s\open\src\hotspot\share\prims\jni.cpp, line 517]
Event: 0.650 Thread 0x000001b1613a9e90 Exception <a 'sun/nio/fs/WindowsException'{0x00000000c31c7cd0}> (0x00000000c31c7cd0) 
thrown [s\open\src\hotspot\share\prims\jni.cpp, line 517]
Event: 0.823 Thread 0x000001b1613a9e90 Exception <a 'java/lang/NoSuchMethodError'{0x00000000c3136928}: 'java.lang.Object java.lang.invoke.DirectMethodHandle$Holder.invokeVirtual(java.lang.Object, java.lang.Object, java.lang.Object, int, int)'> (0x00000000c3136928) 
thrown [s\open\src\hotspot\share\interpreter\linkResolver.cpp, line 774]
Event: 0.825 Thread 0x000001b1613a9e90 Exception <a 'java/lang/NoSuchMethodError'{0x00000000c313d750}: 'java.lang.Object java.lang.invoke.DirectMethodHandle$Holder.invokeVirtual(java.lang.Object, java.lang.Object, int)'> (0x00000000c313d750) 
thrown [s\open\src\hotspot\share\interpreter\linkResolver.cpp, line 774]
Event: 0.828 Thread 0x000001b1613a9e90 Exception <a 'java/lang/NoSuchMethodError'{0x00000000c3146768}: 'java.lang.Object java.lang.invoke.DirectMethodHandle$Holder.invokeSpecial(java.lang.Object, java.lang.Object, java.lang.Object, int, int)'> (0x00000000c3146768) 
thrown [s\open\src\hotspot\share\interpreter\linkResolver.cpp, line 774]
Event: 0.899 Thread 0x000001b1613a9e90 Exception <a 'java/lang/NoSuchMethodError'{0x00000000c3391fd0}: 'void java.lang.invoke.DirectMethodHandle$Holder.invokeStatic(java.lang.Object, java.lang.Object)'> (0x00000000c3391fd0) 
thrown [s\open\src\hotspot\share\interpreter\linkResolver.cpp, line 774]
Event: 0.902 Thread 0x000001b1613a9e90 Exception <a 'sun/nio/fs/WindowsException'{0x00000000c339c150}> (0x00000000c339c150) 
thrown [s\open\src\hotspot\share\prims\jni.cpp, line 517]
Event: 1.022 Thread 0x000001b1613a9e90 Exception <a 'java/lang/NoSuchMethodError'{0x00000000c3307138}: 'int java.lang.invoke.DirectMethodHandle$Holder.invokeSpecial(java.lang.Object, java.lang.Object, java.lang.Object)'> (0x00000000c3307138) 
thrown [s\open\src\hotspot\share\interpreter\linkResolver.cpp, line 774]
Event: 1.027 Thread 0x000001b1613a9e90 Exception <a 'sun/nio/fs/WindowsException'{0x00000000c3311708}> (0x00000000c3311708) 
thrown [s\open\src\hotspot\share\prims\jni.cpp, line 517]
Event: 1.027 Thread 0x000001b1613a9e90 Exception <a 'sun/nio/fs/WindowsException'{0x00000000c3311918}> (0x00000000c3311918) 
thrown [s\open\src\hotspot\share\prims\jni.cpp, line 517]
Event: 1.084 Thread 0x000001b1613a9e90 Exception <a 'sun/nio/fs/WindowsException'{0x00000000c3bef0a0}> (0x00000000c3bef0a0) 
thrown [s\open\src\hotspot\share\prims\jni.cpp, line 517]
Event: 1.084 Thread 0x000001b1613a9e90 Exception <a 'sun/nio/fs/WindowsException'{0x00000000c3bef2b0}> (0x00000000c3bef2b0) 
thrown [s\open\src\hotspot\share\prims\jni.cpp, line 517]
Event: 1.116 Thread 0x000001b1613a9e90 Exception <a 'java/lang/NoSuchMethodError'{0x00000000c38cc140}: 'java.lang.Object java.lang.invoke.DirectMethodHandle$Holder.invokeInterface(java.lang.Object, java.lang.Object)'> (0x00000000c38cc140) 
thrown [s\open\src\hotspot\share\interpreter\linkResolver.cpp, line 774]
Event: 1.119 Thread 0x000001b1613a9e90 Exception <a 'java/lang/NoSuchMethodError'{0x00000000c38d75f0}: 'java.lang.Object java.lang.invoke.DirectMethodHandle$Holder.invokeStatic(java.lang.Object, java.lang.Object, int, int)'> (0x00000000c38d75f0) 
thrown [s\open\src\hotspot\share\interpreter\linkResolver.cpp, line 774]
Event: 1.289 Thread 0x000001b1613a9e90 Exception <a 'java/lang/NoSuchMethodError'{0x00000000c3745320}: 'int java.lang.invoke.DirectMethodHandle$Holder.invokeStatic(java.lang.Object, java.lang.Object, java.lang.Object, java.lang.Object)'> (0x00000000c3745320) 
thrown [s\open\src\hotspot\share\interpreter\linkResolver.cpp, line 774]

VM Operations (20 events):
Event: 0.808 Executing VM operation: G1CollectForAllocation done
Event: 0.873 Executing VM operation: G1CollectForAllocation
Event: 0.877 Executing VM operation: G1CollectForAllocation done
Event: 0.909 Executing VM operation: HandshakeAllThreads
Event: 0.909 Executing VM operation: HandshakeAllThreads done
Event: 0.970 Executing VM operation: G1CollectForAllocation
Event: 0.975 Executing VM operation: G1CollectForAllocation done
Event: 1.012 Executing VM operation: G1CollectForAllocation
Event: 1.017 Executing VM operation: G1CollectForAllocation done
Event: 1.047 Executing VM operation: G1CollectForAllocation
Event: 1.051 Executing VM operation: G1CollectForAllocation done
Event: 1.067 Executing VM operation: G1CollectForAllocation
Event: 1.070 Executing VM operation: G1CollectForAllocation done
Event: 1.176 Executing VM operation: G1CollectForAllocation
Event: 1.182 Executing VM operation: G1CollectForAllocation done
Event: 1.394 Executing VM operation: G1CollectForAllocation
Event: 1.403 Executing VM operation: G1CollectForAllocation done
Event: 1.436 Executing VM operation: G1CollectForAllocation
Event: 1.442 Executing VM operation: G1CollectForAllocation done
Event: 1.476 Executing VM operation: G1CollectForAllocation

Events (13 events):
Event: 0.033 Thread 0x000001b1613a9e90 Thread added: 0x000001b1613a9e90
Event: 0.060 Thread 0x000001b17cbcf770 Thread added: 0x000001b17cbcf770
Event: 0.061 Thread 0x000001b17cbd0360 Thread added: 0x000001b17cbd0360
Event: 0.061 Thread 0x000001b17cbd39c0 Thread added: 0x000001b17cbd39c0
Event: 0.061 Thread 0x000001b17cbd4450 Thread added: 0x000001b17cbd4450
Event: 0.062 Thread 0x000001b17cbd8580 Thread added: 0x000001b17cbd8580
Event: 0.062 Thread 0x000001b17cbdb3b0 Thread added: 0x000001b17cbdb3b0
Event: 0.062 Thread 0x000001b17cbe8ac0 Thread added: 0x000001b17cbe8ac0
Event: 0.062 Thread 0x000001b17cc09190 Thread added: 0x000001b17cc09190
Event: 0.062 Thread 0x000001b17cc09850 Thread added: 0x000001b17cc09850
Event: 0.101 Thread 0x000001b17ce08180 Thread added: 0x000001b17ce08180
Event: 0.134 Thread 0x000001b17ce8d450 Thread added: 0x000001b17ce8d450
Event: 0.856 Thread 0x000001b17d4dda10 Thread added: 0x000001b17d4dda10


Dynamic libraries:
0x00007ff6fb140000 - 0x00007ff6fb148000 	C:\Program Files\Java\jdk-19\bin\javac.exe
0x00007ffe57870000 - 0x00007ffe57a68000 	C:\WINDOWS\SYSTEM32\ntdll.dll
0x00007ffe56070000 - 0x00007ffe5612f000 	C:\WINDOWS\System32\KERNEL32.DLL
0x00007ffe552d0000 - 0x00007ffe555a2000 	C:\WINDOWS\System32\KERNELBASE.dll
0x00007ffe555e0000 - 0x00007ffe556e0000 	C:\WINDOWS\System32\ucrtbase.dll
0x00007ffe43370000 - 0x00007ffe43388000 	C:\Program Files\Java\jdk-19\bin\jli.dll
0x00007ffe43390000 - 0x00007ffe433ab000 	C:\Program Files\Java\jdk-19\bin\VCRUNTIME140.dll
0x00007ffe564f0000 - 0x00007ffe5659e000 	C:\WINDOWS\System32\ADVAPI32.dll
0x00007ffe56630000 - 0x00007ffe566ce000 	C:\WINDOWS\System32\msvcrt.dll
0x00007ffe56d50000 - 0x00007ffe56dec000 	C:\WINDOWS\System32\sechost.dll
0x00007ffe559a0000 - 0x00007ffe55ac5000 	C:\WINDOWS\System32\RPCRT4.dll
0x00007ffe55ad0000 - 0x00007ffe55c6d000 	C:\WINDOWS\System32\USER32.dll
0x00007ffe42730000 - 0x00007ffe429ca000 	C:\WINDOWS\WinSxS\amd64_microsoft.windows.common-controls_6595b64144ccf1df_6.0.19041.1110_none_60b5254171f9507e\COMCTL32.dll
0x00007ffe556e0000 - 0x00007ffe55702000 	C:\WINDOWS\System32\win32u.dll
0x00007ffe567a0000 - 0x00007ffe567cb000 	C:\WINDOWS\System32\GDI32.dll
0x00007ffe54f70000 - 0x00007ffe5507f000 	C:\WINDOWS\System32\gdi32full.dll
0x00007ffe55110000 - 0x00007ffe551ad000 	C:\WINDOWS\System32\msvcp_win.dll
0x00007ffe4dea0000 - 0x00007ffe4deaa000 	C:\WINDOWS\SYSTEM32\VERSION.dll
0x00007ffe55c70000 - 0x00007ffe55ca2000 	C:\WINDOWS\System32\IMM32.DLL
0x00007ffe439f0000 - 0x00007ffe439fc000 	C:\Program Files\Java\jdk-19\bin\vcruntime140_1.dll
0x00007ffe372f0000 - 0x00007ffe3737e000 	C:\Program Files\Java\jdk-19\bin\msvcp140.dll
0x00007ffe11d90000 - 0x00007ffe12a50000 	C:\Program Files\Java\jdk-19\bin\server\jvm.dll
0x00007ffe50060000 - 0x00007ffe50069000 	C:\WINDOWS\SYSTEM32\WSOCK32.dll
0x00007ffe40fa0000 - 0x00007ffe40fc7000 	C:\WINDOWS\SYSTEM32\WINMM.dll
0x00007ffe56df0000 - 0x00007ffe56e5b000 	C:\WINDOWS\System32\WS2_32.dll
0x00007ffe537f0000 - 0x00007ffe53802000 	C:\WINDOWS\SYSTEM32\kernel.appcore.dll
0x00007ffe41f00000 - 0x00007ffe41f0a000 	C:\Program Files\Java\jdk-19\bin\jimage.dll
0x00007ffe534f0000 - 0x00007ffe536d4000 	C:\WINDOWS\SYSTEM32\DBGHELP.DLL
0x00007ffe432b0000 - 0x00007ffe432dc000 	C:\WINDOWS\SYSTEM32\dbgcore.DLL
0x00007ffe55080000 - 0x00007ffe55102000 	C:\WINDOWS\System32\bcryptPrimitives.dll
0x00007ffe3e490000 - 0x00007ffe3e4b6000 	C:\Program Files\Java\jdk-19\bin\java.dll
0x00007ffe23200000 - 0x00007ffe232d7000 	C:\Program Files\Java\jdk-19\bin\jsvml.dll
0x00007ffe56f30000 - 0x00007ffe57673000 	C:\WINDOWS\System32\SHELL32.dll
0x00007ffe52c80000 - 0x00007ffe53412000 	C:\WINDOWS\SYSTEM32\windows.storage.dll
0x00007ffe55d10000 - 0x00007ffe56064000 	C:\WINDOWS\System32\combase.dll
0x00007ffe548f0000 - 0x00007ffe54920000 	C:\WINDOWS\SYSTEM32\Wldp.dll
0x00007ffe56ca0000 - 0x00007ffe56d4d000 	C:\WINDOWS\System32\SHCORE.dll
0x00007ffe56e70000 - 0x00007ffe56ec5000 	C:\WINDOWS\System32\shlwapi.dll
0x00007ffe54eb0000 - 0x00007ffe54ecf000 	C:\WINDOWS\SYSTEM32\profapi.dll
0x00007ffe3e2d0000 - 0x00007ffe3e2e3000 	C:\Program Files\Java\jdk-19\bin\net.dll
0x00007ffe47c60000 - 0x00007ffe47d6c000 	C:\WINDOWS\SYSTEM32\WINHTTP.dll
0x00007ffe54650000 - 0x00007ffe546ba000 	C:\WINDOWS\system32\mswsock.dll
0x00007ffe3d8c0000 - 0x00007ffe3d8d6000 	C:\Program Files\Java\jdk-19\bin\nio.dll

dbghelp: loaded successfully - version: 4.0.5 - missing functions: none
symbol engine: initialized successfully - sym options: 0x614 - pdb path: .;C:\Program Files\Java\jdk-19\bin;C:\WINDOWS\SYSTEM32;C:\WINDOWS\WinSxS\amd64_microsoft.windows.common-controls_6595b64144ccf1df_6.0.19041.1110_none_60b5254171f9507e;C:\Program Files\Java\jdk-19\bin\server

VM Arguments:
jvm_args: -Dapplication.home=C:\Program Files\Java\jdk-19 --add-modules=ALL-DEFAULT -Xms8m -Djdk.module.main=jdk.compiler 
java_command: jdk.compiler/com.sun.tools.javac.Main FenetreJeu.java
java_class_path (initial): <not set>
Launcher Type: SUN_STANDARD

[Global flags]
     intx CICompilerCount                          = 3                                         {product} {ergonomic}
     uint ConcGCThreads                            = 1                                         {product} {ergonomic}
     uint G1ConcRefinementThreads                  = 4                                         {product} {ergonomic}
   size_t G1HeapRegionSize                         = 1048576                                   {product} {ergonomic}
    uintx GCDrainStackTargetSize                   = 64                                        {product} {ergonomic}
   size_t InitialHeapSize                          = 8388608                                   {product} {command line}
   size_t MarkStackSize                            = 4194304                                   {product} {ergonomic}
   size_t MaxHeapSize                              = 1029701632                                {product} {ergonomic}
   size_t MaxNewSize                               = 617611264                                 {product} {ergonomic}
   size_t MinHeapDeltaBytes                        = 1048576                                   {product} {ergonomic}
   size_t MinHeapSize                              = 8388608                                   {product} {command line}
    uintx NonNMethodCodeHeapSize                   = 5832780                                {pd product} {ergonomic}
    uintx NonProfiledCodeHeapSize                  = 122912730                              {pd product} {ergonomic}
    uintx ProfiledCodeHeapSize                     = 122912730                              {pd product} {ergonomic}
    uintx ReservedCodeCacheSize                    = 251658240                              {pd product} {ergonomic}
     bool SegmentedCodeCache                       = true                                      {product} {ergonomic}
   size_t SoftMaxHeapSize                          = 1029701632                             {manageable} {ergonomic}
     bool UseCompressedClassPointers               = true                           {product lp64_product} {ergonomic}
     bool UseCompressedOops                        = true                           {product lp64_product} {ergonomic}
     bool UseG1GC                                  = true                                      {product} {ergonomic}
     bool UseLargePagesIndividualAllocation        = false                                  {pd product} {ergonomic}

Logging:
Log output configuration:
 #0: stdout all=warning uptime,level,tags foldmultilines=false
 #1: stderr all=off uptime,level,tags foldmultilines=false

Environment Variables:
JAVA_HOME=C:\Program Files\Java\jdk-19
PATH=C:\Program Files\Common Files\Oracle\Java\javapath;C:\Program Files (x86)\Common Files\Oracle\Java\javapath;C:\Program Files\Python38\Scripts\;C:\Program Files\Python38\;C:\WINDOWS\system32;C:\WINDOWS;C:\WINDOWS\System32\Wbem;C:\WINDOWS\System32\WindowsPowerShell\v1.0\;C:\WINDOWS\System32\OpenSSH\;C:\Program Files (x86)\AOMEI\AOMEI Backupper\6.7.0;C:\Program Files\Java\jdk-19\bin;C:\Program Files\Git\cmd;C:\Python\Python310\Scripts\;C:\Python\Python310\;C:\Users\driki\AppData\Local\Mu\bin;C:\Users\driki\AppData\Local\Microsoft\WindowsApps;;E:\IntelliJ IDEA 2022.2.4\bin;;E:\IntelliJ IDEA Community Edition 2022.2.4\bin;
USERNAME=driki
OS=Windows_NT
PROCESSOR_IDENTIFIER=Intel64 Family 6 Model 122 Stepping 1, GenuineIntel
TMP=C:\Users\driki\AppData\Local\Temp
TEMP=C:\Users\driki\AppData\Local\Temp



---------------  S Y S T E M  ---------------

OS:
 Windows 10 , 64 bit Build 19041 (10.0.19041.2251)
OS uptime: 0 days 18:47 hours

CPU: total 4 (initial active 4) (4 cores per cpu, 1 threads per core) family 6 model 122 stepping 1 microcode 0x2e, cx8, cmov, fxsr, mmx, 3dnowpref, sse, sse2, sse3, ssse3, sse4.1, sse4.2, popcnt, tsc, tscinvbit, aes, erms, clmul, sha, clflush, clflushopt, rdtscp, rdpid

Memory: 4k page, system-wide physical 3920M (399M free)
TotalPageFile size 6637M (AvailPageFile size 15M)
current process WorkingSet (physical memory assigned to process): 93M, peak: 95M
current process commit charge ("private bytes"): 122M, peak: 142M

vm_info: Java HotSpot(TM) 64-Bit Server VM (19.0.1+10-21) for windows-amd64 JRE (19.0.1+10-21), built on 2022-09-14T12:45:06Z by "mach5one" with MS VC++ 17.1 (VS2022)

END.
