#
# There is insufficient memory for the Java Runtime Environment to continue.
# Native memory allocation (malloc) failed to allocate 1048576 bytes for AllocateHeap
# Possible reasons:
#   The system is out of physical RAM or swap space
#   The process is running with CompressedOops enabled, and the Java Heap may be blocking the growth of the native heap
# Possible solutions:
#   Reduce memory load on the system
#   Increase physical memory or swap space
#   Check if swap backing store is full
#   Decrease Java heap size (-Xmx/-Xms)
#   Decrease number of Java threads
#   Decrease Java thread stack sizes (-Xss)
#   Set larger code cache with -XX:ReservedCodeCacheSize=
#   JVM is running with Unscaled Compressed Oops mode in which the Java heap is
#     placed in the first 4GB address space. The Java Heap base address is the
#     maximum limit for the native heap growth. Please use -XX:HeapBaseMinAddress
#     to set the Java Heap base and to place the Java Heap above 4GB virtual address.
# This output file may be truncated or incomplete.
#
#  Out of Memory Error (allocation.cpp:44), pid=5552, tid=12808
#
# JRE version:  (19.0.1+10) (build )
# Java VM: Java HotSpot(TM) 64-Bit Server VM (19.0.1+10-21, mixed mode, sharing, tiered, compressed oops, compressed class ptrs, g1 gc, windows-amd64)
# No core dump will be written. Minidumps are not enabled by default on client versions of Windows
#

---------------  S U M M A R Y ------------

Command Line: -Dapplication.home=C:\Program Files\Java\jdk-19 --add-modules=ALL-DEFAULT -Xms8m -Djdk.module.main=jdk.compiler jdk.compiler/com.sun.tools.javac.Main FenetreJeu.java

Host: Intel(R) Celeron(R) N4100 CPU @ 1.10GHz, 4 cores, 3G,  Windows 10 , 64 bit Build 19041 (10.0.19041.2251)
Time: Thu Dec  1 14:59:34 2022 Romance Standard Time elapsed time: 0.081024 seconds (0d 0h 0m 0s)

---------------  T H R E A D  ---------------

Current thread (0x000001ba4e33a920):  JavaThread "Unknown thread" [_thread_in_vm, id=12808, stack(0x000000055a900000,0x000000055aa00000)]

Stack: [0x000000055a900000,0x000000055aa00000]
Native frames: (J=compiled Java code, j=interpreted, Vv=VM code, C=native code)
V  [jvm.dll+0x6ee8fa]
V  [jvm.dll+0x857a1e]
V  [jvm.dll+0x85940e]
V  [jvm.dll+0x859ac3]
V  [jvm.dll+0x28291f]
V  [jvm.dll+0xc40eb]
V  [jvm.dll+0x32a2d9]
V  [jvm.dll+0x821aeb]
V  [jvm.dll+0x3c27c1]
V  [jvm.dll+0x8022f1]
V  [jvm.dll+0x44b30f]
V  [jvm.dll+0x44cc91]
C  [jli.dll+0x5287]
C  [ucrtbase.dll+0x21bb2]
C  [KERNEL32.DLL+0x174b4]
C  [ntdll.dll+0x526a1]


---------------  P R O C E S S  ---------------

Threads class SMR info:
_java_thread_list=0x00007ffe0c5fd048, length=0, elements={
}

Java Threads: ( => current thread )

Other Threads:

=>0x000001ba4e33a920 (exited) JavaThread "Unknown thread" [_thread_in_vm, id=12808, stack(0x000000055a900000,0x000000055aa00000)]

Threads with active compile tasks:

VM state: not at safepoint (not fully initialized)

VM Mutex/Monitor currently owned by a thread: None

Heap address: 0x0000000000000000, size: 0 MB, Compressed Oops mode: 32-bit

CDS archive(s) mapped at: [0x0000000000000000-0x0000000000000000-0x0000000000000000), size 0, SharedBaseAddress: 0x0000000800000000, ArchiveRelocationMode: 0.
Narrow klass base: 0x0000000000000000, Narrow klass shift: 0, Narrow klass range: 0x0

GC Precious Log:
 CardTable entry size: 512
 Card Set container configuration: InlinePtr #cards 5 size 8 Array Of Cards #cards 12 size 40 Howl #buckets 4 coarsen threshold 1843 Howl Bitmap #cards 512 size 80 coarsen threshold 460 Card regions per heap region 1 cards per card region 2048

GC Heap History (0 events):
No events

Dll operation events (1 events):
Event: 0.043 Loaded shared library C:\Program Files\Java\jdk-19\bin\java.dll

Deoptimization events (0 events):
No events

Classes loaded (0 events):
No events

Classes unloaded (0 events):
No events

Classes redefined (0 events):
No events

Internal exceptions (0 events):
No events

VM Operations (0 events):
No events

Events (0 events):
No events


Dynamic libraries:
0x00007ff6430a0000 - 0x00007ff6430a8000 	C:\Program Files\Java\jdk-19\bin\javac.exe
0x00007ffe57870000 - 0x00007ffe57a68000 	C:\WINDOWS\SYSTEM32\ntdll.dll
0x00007ffe56070000 - 0x00007ffe5612f000 	C:\WINDOWS\System32\KERNEL32.DLL
0x00007ffe552d0000 - 0x00007ffe555a2000 	C:\WINDOWS\System32\KERNELBASE.dll
0x00007ffe555e0000 - 0x00007ffe556e0000 	C:\WINDOWS\System32\ucrtbase.dll
0x00007ffe43370000 - 0x00007ffe4338b000 	C:\Program Files\Java\jdk-19\bin\VCRUNTIME140.dll
0x00007ffe41ef0000 - 0x00007ffe41f08000 	C:\Program Files\Java\jdk-19\bin\jli.dll
0x00007ffe564f0000 - 0x00007ffe5659e000 	C:\WINDOWS\System32\ADVAPI32.dll
0x00007ffe56630000 - 0x00007ffe566ce000 	C:\WINDOWS\System32\msvcrt.dll
0x00007ffe56d50000 - 0x00007ffe56dec000 	C:\WINDOWS\System32\sechost.dll
0x00007ffe559a0000 - 0x00007ffe55ac5000 	C:\WINDOWS\System32\RPCRT4.dll
0x00007ffe55ad0000 - 0x00007ffe55c6d000 	C:\WINDOWS\System32\USER32.dll
0x00007ffe556e0000 - 0x00007ffe55702000 	C:\WINDOWS\System32\win32u.dll
0x00007ffe567a0000 - 0x00007ffe567cb000 	C:\WINDOWS\System32\GDI32.dll
0x00007ffe54f70000 - 0x00007ffe5507f000 	C:\WINDOWS\System32\gdi32full.dll
0x00007ffe55110000 - 0x00007ffe551ad000 	C:\WINDOWS\System32\msvcp_win.dll
0x00007ffe42730000 - 0x00007ffe429ca000 	C:\WINDOWS\WinSxS\amd64_microsoft.windows.common-controls_6595b64144ccf1df_6.0.19041.1110_none_60b5254171f9507e\COMCTL32.dll
0x00007ffe4dea0000 - 0x00007ffe4deaa000 	C:\WINDOWS\SYSTEM32\VERSION.dll
0x00007ffe55c70000 - 0x00007ffe55ca2000 	C:\WINDOWS\System32\IMM32.DLL
0x00007ffe4c410000 - 0x00007ffe4c41c000 	C:\Program Files\Java\jdk-19\bin\vcruntime140_1.dll
0x00007ffe40c70000 - 0x00007ffe40cfe000 	C:\Program Files\Java\jdk-19\bin\msvcp140.dll
0x00007ffe0ba80000 - 0x00007ffe0c740000 	C:\Program Files\Java\jdk-19\bin\server\jvm.dll
0x00007ffe50060000 - 0x00007ffe50069000 	C:\WINDOWS\SYSTEM32\WSOCK32.dll
0x00007ffe56df0000 - 0x00007ffe56e5b000 	C:\WINDOWS\System32\WS2_32.dll
0x00007ffe40fa0000 - 0x00007ffe40fc7000 	C:\WINDOWS\SYSTEM32\WINMM.dll
0x00007ffe537f0000 - 0x00007ffe53802000 	C:\WINDOWS\SYSTEM32\kernel.appcore.dll
0x00007ffe4a560000 - 0x00007ffe4a56a000 	C:\Program Files\Java\jdk-19\bin\jimage.dll
0x00007ffe534f0000 - 0x00007ffe536d4000 	C:\WINDOWS\SYSTEM32\DBGHELP.DLL
0x00007ffe432b0000 - 0x00007ffe432dc000 	C:\WINDOWS\SYSTEM32\dbgcore.DLL
0x00007ffe55080000 - 0x00007ffe55102000 	C:\WINDOWS\System32\bcryptPrimitives.dll
0x00007ffe3e490000 - 0x00007ffe3e4b6000 	C:\Program Files\Java\jdk-19\bin\java.dll

dbghelp: loaded successfully - version: 4.0.5 - missing functions: none
symbol engine: initialized successfully - sym options: 0x614 - pdb path: .;C:\Program Files\Java\jdk-19\bin;C:\WINDOWS\SYSTEM32;C:\WINDOWS\WinSxS\amd64_microsoft.windows.common-controls_6595b64144ccf1df_6.0.19041.1110_none_60b5254171f9507e;C:\Program Files\Java\jdk-19\bin\server

VM Arguments:
jvm_args: -Dapplication.home=C:\Program Files\Java\jdk-19 --add-modules=ALL-DEFAULT -Xms8m -Djdk.module.main=jdk.compiler 
java_command: jdk.compiler/com.sun.tools.javac.Main FenetreJeu.java
java_class_path (initial): <not set>
Launcher Type: SUN_STANDARD

[Global flags]
     intx CICompilerCount                          = 3                                         {product} {ergonomic}
     uint ConcGCThreads                            = 1                                         {product} {ergonomic}
     uint G1ConcRefinementThreads                  = 4                                         {product} {ergonomic}
   size_t G1HeapRegionSize                         = 1048576                                   {product} {ergonomic}
    uintx GCDrainStackTargetSize                   = 64                                        {product} {ergonomic}
   size_t InitialHeapSize                          = 8388608                                   {product} {command line}
   size_t MarkStackSize                            = 4194304                                   {product} {ergonomic}
   size_t MaxHeapSize                              = 1029701632                                {product} {ergonomic}
   size_t MinHeapDeltaBytes                        = 1048576                                   {product} {ergonomic}
   size_t MinHeapSize                              = 8388608                                   {product} {command line}
    uintx NonNMethodCodeHeapSize                   = 5832780                                {pd product} {ergonomic}
    uintx NonProfiledCodeHeapSize                  = 122912730                              {pd product} {ergonomic}
    uintx ProfiledCodeHeapSize                     = 122912730                              {pd product} {ergonomic}
    uintx ReservedCodeCacheSize                    = 251658240                              {pd product} {ergonomic}
     bool SegmentedCodeCache                       = true                                      {product} {ergonomic}
   size_t SoftMaxHeapSize                          = 1029701632                             {manageable} {ergonomic}
     bool UseCompressedClassPointers               = true                           {product lp64_product} {ergonomic}
     bool UseCompressedOops                        = true                           {product lp64_product} {ergonomic}
     bool UseG1GC                                  = true                                      {product} {ergonomic}
     bool UseLargePagesIndividualAllocation        = false                                  {pd product} {ergonomic}

Logging:
Log output configuration:
 #0: stdout all=warning uptime,level,tags foldmultilines=false
 #1: stderr all=off uptime,level,tags foldmultilines=false

Environment Variables:
JAVA_HOME=C:\Program Files\Java\jdk-19
PATH=C:\Program Files\Common Files\Oracle\Java\javapath;C:\Program Files (x86)\Common Files\Oracle\Java\javapath;C:\Program Files\Python38\Scripts\;C:\Program Files\Python38\;C:\WINDOWS\system32;C:\WINDOWS;C:\WINDOWS\System32\Wbem;C:\WINDOWS\System32\WindowsPowerShell\v1.0\;C:\WINDOWS\System32\OpenSSH\;C:\Program Files (x86)\AOMEI\AOMEI Backupper\6.7.0;C:\Program Files\Java\jdk-19\bin;C:\Program Files\Git\cmd;C:\Python\Python310\Scripts\;C:\Python\Python310\;C:\Users\driki\AppData\Local\Mu\bin;C:\Users\driki\AppData\Local\Microsoft\WindowsApps;;E:\IntelliJ IDEA 2022.2.4\bin;;E:\IntelliJ IDEA Community Edition 2022.2.4\bin;
USERNAME=driki
OS=Windows_NT
PROCESSOR_IDENTIFIER=Intel64 Family 6 Model 122 Stepping 1, GenuineIntel
TMP=C:\Users\driki\AppData\Local\Temp
TEMP=C:\Users\driki\AppData\Local\Temp



---------------  S Y S T E M  ---------------

OS:
 Windows 10 , 64 bit Build 19041 (10.0.19041.2251)
OS uptime: 0 days 19:47 hours

CPU: total 4 (initial active 4) (4 cores per cpu, 1 threads per core) family 6 model 122 stepping 1 microcode 0x2e, cx8, cmov, fxsr, mmx, 3dnowpref, sse, sse2, sse3, ssse3, sse4.1, sse4.2, popcnt, tsc, tscinvbit, aes, erms, clmul, sha, clflush, clflushopt, rdtscp, rdpid

Memory: 4k page, system-wide physical 3920M (273M free)
TotalPageFile size 6725M (AvailPageFile size 5M)
current process WorkingSet (physical memory assigned to process): 9M, peak: 9M
current process commit charge ("private bytes"): 14M, peak: 15M

vm_info: Java HotSpot(TM) 64-Bit Server VM (19.0.1+10-21) for windows-amd64 JRE (19.0.1+10-21), built on 2022-09-14T12:45:06Z by "mach5one" with MS VC++ 17.1 (VS2022)

END.
